<?xml version="1.0" encoding="UTF-8"?>
<robot generator="Robot 6.0.2 (Python 3.11.2 on darwin)" generated="20230326 01:18:56.042" rpa="false" schemaversion="3">
<suite id="s1" name="TestCases" source="/Users/kprgautam/PycharmProjects/TestAutomation/Testing/TestCases.robot">
<test id="s1-t1" name="Test Case 1: Add 1 item to the basket." line="21">
<kw name="startTest" library="Resources" type="SETUP">
<kw name="Open Browser" library="Selenium2Library">
<arg>${url}</arg>
<arg>${browser}</arg>
<doc>Opens a new browser instance to the optional ``url``.</doc>
<msg timestamp="20230326 01:18:56.172" level="INFO">Opening browser 'firefox' to base url 'https://salaryhero-qa-challenge.herokuapp.com/#/'.</msg>
<msg timestamp="20230326 01:18:56.173" level="INFO">Firefox driver log is always forced to to: /Users/kprgautam/PycharmProjects/TestAutomation/geckodriver-15.log</msg>
<status status="PASS" starttime="20230326 01:18:56.172" endtime="20230326 01:19:09.640"/>
</kw>
<kw name="Maximize Browser Window" library="Selenium2Library">
<doc>Maximizes current browser window.</doc>
<status status="PASS" starttime="20230326 01:19:09.641" endtime="20230326 01:19:10.118"/>
</kw>
<kw name="Wait and Click" library="Resources">
<arg>${dismiss}</arg>
<kw name="Wait Until Page Contains Element" library="Selenium2Library">
<arg>${locator}</arg>
<doc>Waits until the element ``locator`` appears on the current page.</doc>
<status status="PASS" starttime="20230326 01:19:10.119" endtime="20230326 01:19:10.130"/>
</kw>
<kw name="Scroll Element Into View" library="Selenium2Library">
<arg>${locator}</arg>
<doc>Scrolls the element identified by ``locator`` into view.</doc>
<status status="PASS" starttime="20230326 01:19:10.130" endtime="20230326 01:19:10.393"/>
</kw>
<kw name="Click Element" library="Selenium2Library">
<arg>${locator}</arg>
<doc>Click the element identified by ``locator``.</doc>
<msg timestamp="20230326 01:19:10.394" level="INFO">Clicking element '//span[normalize-space()='Dismiss']'.</msg>
<status status="PASS" starttime="20230326 01:19:10.393" endtime="20230326 01:19:10.619"/>
</kw>
<status status="PASS" starttime="20230326 01:19:10.119" endtime="20230326 01:19:10.620"/>
</kw>
<kw name="Wait and Click" library="Resources">
<arg>${cookieDismiss}</arg>
<kw name="Wait Until Page Contains Element" library="Selenium2Library">
<arg>${locator}</arg>
<doc>Waits until the element ``locator`` appears on the current page.</doc>
<status status="PASS" starttime="20230326 01:19:10.620" endtime="20230326 01:19:10.623"/>
</kw>
<kw name="Scroll Element Into View" library="Selenium2Library">
<arg>${locator}</arg>
<doc>Scrolls the element identified by ``locator`` into view.</doc>
<status status="PASS" starttime="20230326 01:19:10.623" endtime="20230326 01:19:10.884"/>
</kw>
<kw name="Click Element" library="Selenium2Library">
<arg>${locator}</arg>
<doc>Click the element identified by ``locator``.</doc>
<msg timestamp="20230326 01:19:10.885" level="INFO">Clicking element '//a[@aria-label='dismiss cookie message']'.</msg>
<status status="PASS" starttime="20230326 01:19:10.885" endtime="20230326 01:19:11.098"/>
</kw>
<status status="PASS" starttime="20230326 01:19:10.620" endtime="20230326 01:19:11.098"/>
</kw>
<status status="PASS" starttime="20230326 01:18:56.171" endtime="20230326 01:19:11.098"/>
</kw>
<kw name="Login To The Website" library="loginWebsite">
<kw name="Wait and Click" library="Resources">
<arg>${account}</arg>
<kw name="Wait Until Page Contains Element" library="Selenium2Library">
<arg>${locator}</arg>
<doc>Waits until the element ``locator`` appears on the current page.</doc>
<status status="PASS" starttime="20230326 01:19:11.100" endtime="20230326 01:19:11.105"/>
</kw>
<kw name="Scroll Element Into View" library="Selenium2Library">
<arg>${locator}</arg>
<doc>Scrolls the element identified by ``locator`` into view.</doc>
<status status="PASS" starttime="20230326 01:19:11.105" endtime="20230326 01:19:11.370"/>
</kw>
<kw name="Click Element" library="Selenium2Library">
<arg>${locator}</arg>
<doc>Click the element identified by ``locator``.</doc>
<msg timestamp="20230326 01:19:11.371" level="INFO">Clicking element '//span[normalize-space()='Account']'.</msg>
<status status="PASS" starttime="20230326 01:19:11.371" endtime="20230326 01:19:11.604"/>
</kw>
<status status="PASS" starttime="20230326 01:19:11.099" endtime="20230326 01:19:11.604"/>
</kw>
<kw name="Wait and Click" library="Resources">
<arg>${getToLogin}</arg>
<kw name="Wait Until Page Contains Element" library="Selenium2Library">
<arg>${locator}</arg>
<doc>Waits until the element ``locator`` appears on the current page.</doc>
<status status="PASS" starttime="20230326 01:19:11.604" endtime="20230326 01:19:11.608"/>
</kw>
<kw name="Scroll Element Into View" library="Selenium2Library">
<arg>${locator}</arg>
<doc>Scrolls the element identified by ``locator`` into view.</doc>
<status status="PASS" starttime="20230326 01:19:11.608" endtime="20230326 01:19:11.869"/>
</kw>
<kw name="Click Element" library="Selenium2Library">
<arg>${locator}</arg>
<doc>Click the element identified by ``locator``.</doc>
<msg timestamp="20230326 01:19:11.870" level="INFO">Clicking element '//button[@id='navbarLoginButton']//span[contains(text(),'Login')]'.</msg>
<status status="PASS" starttime="20230326 01:19:11.869" endtime="20230326 01:19:12.178"/>
</kw>
<status status="PASS" starttime="20230326 01:19:11.604" endtime="20230326 01:19:12.178"/>
</kw>
<kw name="Clear and Input" library="Resources">
<arg>${emailBox}</arg>
<arg>${email}</arg>
<kw name="Scroll Element Into View" library="Selenium2Library">
<arg>${locator}</arg>
<doc>Scrolls the element identified by ``locator`` into view.</doc>
<status status="PASS" starttime="20230326 01:19:12.178" endtime="20230326 01:19:12.456"/>
</kw>
<kw name="Clear Element Text" library="Selenium2Library">
<arg>${locator}</arg>
<doc>Clears the value of the text-input-element identified by ``locator``.</doc>
<status status="PASS" starttime="20230326 01:19:12.456" endtime="20230326 01:19:12.501"/>
</kw>
<kw name="Input Text" library="Selenium2Library">
<arg>${locator}</arg>
<arg>${texttoenter}</arg>
<doc>Types the given ``text`` into the text field identified by ``locator``.</doc>
<msg timestamp="20230326 01:19:12.501" level="INFO">Typing text 'qachallengesalaryhero@sh.com' into text field '//input[@id='email']'.</msg>
<status status="PASS" starttime="20230326 01:19:12.501" endtime="20230326 01:19:12.546"/>
</kw>
<status status="PASS" starttime="20230326 01:19:12.178" endtime="20230326 01:19:12.546"/>
</kw>
<kw name="Clear and Input" library="Resources">
<arg>${passwordBox}</arg>
<arg>${password}</arg>
<kw name="Scroll Element Into View" library="Selenium2Library">
<arg>${locator}</arg>
<doc>Scrolls the element identified by ``locator`` into view.</doc>
<status status="PASS" starttime="20230326 01:19:12.547" endtime="20230326 01:19:12.807"/>
</kw>
<kw name="Clear Element Text" library="Selenium2Library">
<arg>${locator}</arg>
<doc>Clears the value of the text-input-element identified by ``locator``.</doc>
<status status="PASS" starttime="20230326 01:19:12.808" endtime="20230326 01:19:12.824"/>
</kw>
<kw name="Input Text" library="Selenium2Library">
<arg>${locator}</arg>
<arg>${texttoenter}</arg>
<doc>Types the given ``text`` into the text field identified by ``locator``.</doc>
<msg timestamp="20230326 01:19:12.825" level="INFO">Typing text 'QASalaryHero' into text field '//input[@id='password']'.</msg>
<status status="PASS" starttime="20230326 01:19:12.825" endtime="20230326 01:19:12.855"/>
</kw>
<status status="PASS" starttime="20230326 01:19:12.546" endtime="20230326 01:19:12.855"/>
</kw>
<kw name="Wait and Click" library="Resources">
<arg>${login}</arg>
<kw name="Wait Until Page Contains Element" library="Selenium2Library">
<arg>${locator}</arg>
<doc>Waits until the element ``locator`` appears on the current page.</doc>
<status status="PASS" starttime="20230326 01:19:12.855" endtime="20230326 01:19:12.857"/>
</kw>
<kw name="Scroll Element Into View" library="Selenium2Library">
<arg>${locator}</arg>
<doc>Scrolls the element identified by ``locator`` into view.</doc>
<status status="PASS" starttime="20230326 01:19:12.857" endtime="20230326 01:19:13.117"/>
</kw>
<kw name="Click Element" library="Selenium2Library">
<arg>${locator}</arg>
<doc>Click the element identified by ``locator``.</doc>
<msg timestamp="20230326 01:19:13.119" level="INFO">Clicking element '//button[@id='loginButton']//span[@class='mat-button-wrapper']'.</msg>
<status status="PASS" starttime="20230326 01:19:13.118" endtime="20230326 01:19:13.337"/>
</kw>
<status status="PASS" starttime="20230326 01:19:12.855" endtime="20230326 01:19:13.337"/>
</kw>
<kw name="Wait Until Page Contains Element" library="Selenium2Library">
<arg>${basketAssert}</arg>
<doc>Waits until the element ``locator`` appears on the current page.</doc>
<status status="PASS" starttime="20230326 01:19:13.337" endtime="20230326 01:19:13.545"/>
</kw>
<kw name="Log To Console And Capture Screenshot" library="Resources">
<arg>"Login Successful"</arg>
<kw name="Log To Console" library="BuiltIn">
<arg>${textToAssert}</arg>
<doc>Logs the given message to the console.</doc>
<status status="PASS" starttime="20230326 01:19:13.546" endtime="20230326 01:19:13.546"/>
</kw>
<kw name="Get Time" library="BuiltIn">
<var>${time}</var>
<arg>format=%H:%M:%S:%MS</arg>
<doc>Returns the given time in the requested format.</doc>
<msg timestamp="20230326 01:19:13.546" level="INFO">${time} = 2023-03-26 01:19:13</msg>
<status status="PASS" starttime="20230326 01:19:13.546" endtime="20230326 01:19:13.546"/>
</kw>
<kw name="Capture Page Screenshot" library="Selenium2Library">
<arg>Screenshot_${time}.png</arg>
<doc>Takes a screenshot of the current page and embeds it into a log file.</doc>
<msg timestamp="20230326 01:19:13.631" level="INFO" html="true">&lt;/td&gt;&lt;/tr&gt;&lt;tr&gt;&lt;td colspan="3"&gt;&lt;a href="Screenshot_2023-03-26%2001%3A19%3A13.png"&gt;&lt;img src="Screenshot_2023-03-26%2001%3A19%3A13.png" width="800px"&gt;&lt;/a&gt;</msg>
<status status="PASS" starttime="20230326 01:19:13.546" endtime="20230326 01:19:13.631"/>
</kw>
<status status="PASS" starttime="20230326 01:19:13.545" endtime="20230326 01:19:13.631"/>
</kw>
<status status="PASS" starttime="20230326 01:19:11.099" endtime="20230326 01:19:13.631"/>
</kw>
<kw name="Move To Cart" library="Resources">
<kw name="Wait and Click" library="Resources">
<arg>${movetobasket}</arg>
<kw name="Wait Until Page Contains Element" library="Selenium2Library">
<arg>${locator}</arg>
<doc>Waits until the element ``locator`` appears on the current page.</doc>
<status status="PASS" starttime="20230326 01:19:13.632" endtime="20230326 01:19:13.634"/>
</kw>
<kw name="Scroll Element Into View" library="Selenium2Library">
<arg>${locator}</arg>
<doc>Scrolls the element identified by ``locator`` into view.</doc>
<status status="PASS" starttime="20230326 01:19:13.634" endtime="20230326 01:19:13.894"/>
</kw>
<kw name="Click Element" library="Selenium2Library">
<arg>${locator}</arg>
<doc>Click the element identified by ``locator``.</doc>
<msg timestamp="20230326 01:19:13.894" level="INFO">Clicking element '//span[normalize-space()='Your Basket']'.</msg>
<status status="PASS" starttime="20230326 01:19:13.894" endtime="20230326 01:19:14.133"/>
</kw>
<status status="PASS" starttime="20230326 01:19:13.631" endtime="20230326 01:19:14.133"/>
</kw>
<status status="PASS" starttime="20230326 01:19:13.631" endtime="20230326 01:19:14.133"/>
</kw>
<kw name="Skip If Empty" library="skipIf">
<arg>Clear Cart</arg>
<kw name="Sleep" library="BuiltIn">
<arg>0.5s</arg>
<doc>Pauses the test executed for the given time.</doc>
<msg timestamp="20230326 01:19:14.636" level="INFO">Slept 500 milliseconds</msg>
<status status="PASS" starttime="20230326 01:19:14.134" endtime="20230326 01:19:14.636"/>
</kw>
<kw name="Run Keyword And Return Status" library="BuiltIn">
<var>${IsElementVisible}</var>
<arg>Element Should Be Visible</arg>
<arg>${deleteButton}</arg>
<doc>Runs the given keyword with given arguments and returns the status as a Boolean value.</doc>
<kw name="Element Should Be Visible" library="Selenium2Library">
<arg>${deleteButton}</arg>
<doc>Verifies that the element identified by ``locator`` is visible.</doc>
<msg timestamp="20230326 01:19:14.736" level="INFO" html="true">&lt;/td&gt;&lt;/tr&gt;&lt;tr&gt;&lt;td colspan="3"&gt;&lt;a href="selenium-screenshot-313.png"&gt;&lt;img src="selenium-screenshot-313.png" width="800px"&gt;&lt;/a&gt;</msg>
<msg timestamp="20230326 01:19:14.736" level="FAIL">Element with locator '//button[@class='mat-focus-indicator mat-icon-button mat-button-base']' not found.</msg>
<status status="FAIL" starttime="20230326 01:19:14.638" endtime="20230326 01:19:14.739"/>
</kw>
<msg timestamp="20230326 01:19:14.739" level="INFO">${IsElementVisible} = False</msg>
<status status="PASS" starttime="20230326 01:19:14.637" endtime="20230326 01:19:14.739"/>
</kw>
<kw name="Run Keyword If" library="BuiltIn">
<arg>${IsElementVisible}</arg>
<arg>${KeywordName}</arg>
<arg>ELSE</arg>
<arg>Log To Console</arg>
<arg>"Section Is Empty. No items to clear."</arg>
<doc>Runs the given keyword with the given arguments, if ``condition`` is true.</doc>
<kw name="Log To Console" library="BuiltIn">
<arg>"Section Is Empty. No items to clear."</arg>
<doc>Logs the given message to the console.</doc>
<status status="PASS" starttime="20230326 01:19:14.740" endtime="20230326 01:19:14.740"/>
</kw>
<status status="PASS" starttime="20230326 01:19:14.740" endtime="20230326 01:19:14.740"/>
</kw>
<kw name="Return Home" library="Resources">
<kw name="Wait and Click" library="Resources">
<arg>${headerbutton}</arg>
<kw name="Wait Until Page Contains Element" library="Selenium2Library">
<arg>${locator}</arg>
<doc>Waits until the element ``locator`` appears on the current page.</doc>
<status status="PASS" starttime="20230326 01:19:14.740" endtime="20230326 01:19:14.742"/>
</kw>
<kw name="Scroll Element Into View" library="Selenium2Library">
<arg>${locator}</arg>
<doc>Scrolls the element identified by ``locator`` into view.</doc>
<status status="PASS" starttime="20230326 01:19:14.742" endtime="20230326 01:19:14.999"/>
</kw>
<kw name="Click Element" library="Selenium2Library">
<arg>${locator}</arg>
<doc>Click the element identified by ``locator``.</doc>
<msg timestamp="20230326 01:19:15.001" level="INFO">Clicking element '//span[@class='mat-button-wrapper']//span[contains(text(),'OWASP Juice Shop')]'.</msg>
<status status="PASS" starttime="20230326 01:19:15.000" endtime="20230326 01:19:15.245"/>
</kw>
<status status="PASS" starttime="20230326 01:19:14.740" endtime="20230326 01:19:15.245"/>
</kw>
<status status="PASS" starttime="20230326 01:19:14.740" endtime="20230326 01:19:15.245"/>
</kw>
<status status="PASS" starttime="20230326 01:19:14.133" endtime="20230326 01:19:15.246"/>
</kw>
<kw name="Move To Address Book" library="clearAddressBook">
<kw name="Wait and Click" library="Resources">
<arg>${accountButton}</arg>
<kw name="Wait Until Page Contains Element" library="Selenium2Library">
<arg>${locator}</arg>
<doc>Waits until the element ``locator`` appears on the current page.</doc>
<status status="PASS" starttime="20230326 01:19:15.247" endtime="20230326 01:19:15.251"/>
</kw>
<kw name="Scroll Element Into View" library="Selenium2Library">
<arg>${locator}</arg>
<doc>Scrolls the element identified by ``locator`` into view.</doc>
<status status="PASS" starttime="20230326 01:19:15.252" endtime="20230326 01:19:15.527"/>
</kw>
<kw name="Click Element" library="Selenium2Library">
<arg>${locator}</arg>
<doc>Click the element identified by ``locator``.</doc>
<msg timestamp="20230326 01:19:15.527" level="INFO">Clicking element '(//span[normalize-space()='Account'])[1]'.</msg>
<status status="PASS" starttime="20230326 01:19:15.527" endtime="20230326 01:19:15.758"/>
</kw>
<status status="PASS" starttime="20230326 01:19:15.247" endtime="20230326 01:19:15.758"/>
</kw>
<kw name="Wait and Click" library="Resources">
<arg>${OPButton}</arg>
<kw name="Wait Until Page Contains Element" library="Selenium2Library">
<arg>${locator}</arg>
<doc>Waits until the element ``locator`` appears on the current page.</doc>
<status status="PASS" starttime="20230326 01:19:15.759" endtime="20230326 01:19:15.762"/>
</kw>
<kw name="Scroll Element Into View" library="Selenium2Library">
<arg>${locator}</arg>
<doc>Scrolls the element identified by ``locator`` into view.</doc>
<status status="PASS" starttime="20230326 01:19:15.762" endtime="20230326 01:19:16.024"/>
</kw>
<kw name="Click Element" library="Selenium2Library">
<arg>${locator}</arg>
<doc>Click the element identified by ``locator``.</doc>
<msg timestamp="20230326 01:19:16.025" level="INFO">Clicking element '//button[@aria-label='Show Orders and Payment Menu']//span[contains(text(),'Orders &amp; Payment')]'.</msg>
<status status="PASS" starttime="20230326 01:19:16.024" endtime="20230326 01:19:16.242"/>
</kw>
<status status="PASS" starttime="20230326 01:19:15.759" endtime="20230326 01:19:16.242"/>
</kw>
<kw name="Wait and Click" library="Resources">
<arg>${savedAddressButton}</arg>
<kw name="Wait Until Page Contains Element" library="Selenium2Library">
<arg>${locator}</arg>
<doc>Waits until the element ``locator`` appears on the current page.</doc>
<status status="PASS" starttime="20230326 01:19:16.243" endtime="20230326 01:19:16.246"/>
</kw>
<kw name="Scroll Element Into View" library="Selenium2Library">
<arg>${locator}</arg>
<doc>Scrolls the element identified by ``locator`` into view.</doc>
<status status="PASS" starttime="20230326 01:19:16.246" endtime="20230326 01:19:16.524"/>
</kw>
<kw name="Click Element" library="Selenium2Library">
<arg>${locator}</arg>
<doc>Click the element identified by ``locator``.</doc>
<msg timestamp="20230326 01:19:16.525" level="INFO">Clicking element '(//span[normalize-space()='My saved addresses'])[1]'.</msg>
<msg timestamp="20230326 01:19:16.679" level="INFO" html="true">&lt;/td&gt;&lt;/tr&gt;&lt;tr&gt;&lt;td colspan="3"&gt;&lt;a href="selenium-screenshot-314.png"&gt;&lt;img src="selenium-screenshot-314.png" width="800px"&gt;&lt;/a&gt;</msg>
<msg timestamp="20230326 01:19:16.679" level="FAIL">Element with locator '(//span[normalize-space()='My saved addresses'])[1]' not found.</msg>
<status status="FAIL" starttime="20230326 01:19:16.524" endtime="20230326 01:19:16.680"/>
</kw>
<status status="FAIL" starttime="20230326 01:19:16.242" endtime="20230326 01:19:16.680"/>
</kw>
<kw name="Sleep" library="BuiltIn">
<arg>1s</arg>
<doc>Pauses the test executed for the given time.</doc>
<status status="NOT RUN" starttime="20230326 01:19:16.680" endtime="20230326 01:19:16.680"/>
</kw>
<status status="FAIL" starttime="20230326 01:19:15.246" endtime="20230326 01:19:16.680"/>
</kw>
<kw name="Skip If Empty" library="skipIf">
<arg>Clear Address Book</arg>
<status status="NOT RUN" starttime="20230326 01:19:16.680" endtime="20230326 01:19:16.680"/>
</kw>
<kw name="Add Item(s) To Basket" library="addItemToBasket">
<arg>1</arg>
<status status="NOT RUN" starttime="20230326 01:19:16.680" endtime="20230326 01:19:16.680"/>
</kw>
<kw name="Click Checkout" library="checkout">
<status status="NOT RUN" starttime="20230326 01:19:16.680" endtime="20230326 01:19:16.680"/>
</kw>
<kw name="Add New Address" library="address">
<status status="NOT RUN" starttime="20230326 01:19:16.680" endtime="20230326 01:19:16.680"/>
</kw>
<kw name="Select Address" library="address">
<status status="NOT RUN" starttime="20230326 01:19:16.680" endtime="20230326 01:19:16.680"/>
</kw>
<kw name="Select Delivery" library="delivery">
<status status="NOT RUN" starttime="20230326 01:19:16.680" endtime="20230326 01:19:16.680"/>
</kw>
<kw name="closeTest" library="Resources" type="TEARDOWN">
<kw name="Close All Browsers" library="Selenium2Library">
<doc>Closes all open browsers and resets the browser cache.</doc>
<status status="PASS" starttime="20230326 01:19:16.681" endtime="20230326 01:19:17.159"/>
</kw>
<status status="PASS" starttime="20230326 01:19:16.681" endtime="20230326 01:19:17.159"/>
</kw>
<tag>Salary Hero QA Challenge</tag>
<status status="FAIL" starttime="20230326 01:18:56.171" endtime="20230326 01:19:17.159">Element with locator '(//span[normalize-space()='My saved addresses'])[1]' not found.</status>
</test>
<test id="s1-t2" name="Test Case 2: Add 2 items to the basket." line="34">
<kw name="startTest" library="Resources" type="SETUP">
<kw name="Open Browser" library="Selenium2Library">
<arg>${url}</arg>
<arg>${browser}</arg>
<doc>Opens a new browser instance to the optional ``url``.</doc>
<msg timestamp="20230326 01:19:17.160" level="INFO">Opening browser 'firefox' to base url 'https://salaryhero-qa-challenge.herokuapp.com/#/'.</msg>
<msg timestamp="20230326 01:19:17.160" level="INFO">Firefox driver log is always forced to to: /Users/kprgautam/PycharmProjects/TestAutomation/geckodriver-16.log</msg>
<status status="PASS" starttime="20230326 01:19:17.160" endtime="20230326 01:19:23.739"/>
</kw>
<kw name="Maximize Browser Window" library="Selenium2Library">
<doc>Maximizes current browser window.</doc>
<status status="PASS" starttime="20230326 01:19:23.739" endtime="20230326 01:19:24.217"/>
</kw>
<kw name="Wait and Click" library="Resources">
<arg>${dismiss}</arg>
<kw name="Wait Until Page Contains Element" library="Selenium2Library">
<arg>${locator}</arg>
<doc>Waits until the element ``locator`` appears on the current page.</doc>
<status status="PASS" starttime="20230326 01:19:24.218" endtime="20230326 01:19:24.232"/>
</kw>
<kw name="Scroll Element Into View" library="Selenium2Library">
<arg>${locator}</arg>
<doc>Scrolls the element identified by ``locator`` into view.</doc>
<status status="PASS" starttime="20230326 01:19:24.233" endtime="20230326 01:19:24.503"/>
</kw>
<kw name="Click Element" library="Selenium2Library">
<arg>${locator}</arg>
<doc>Click the element identified by ``locator``.</doc>
<msg timestamp="20230326 01:19:24.504" level="INFO">Clicking element '//span[normalize-space()='Dismiss']'.</msg>
<status status="PASS" starttime="20230326 01:19:24.504" endtime="20230326 01:19:24.730"/>
</kw>
<status status="PASS" starttime="20230326 01:19:24.217" endtime="20230326 01:19:24.730"/>
</kw>
<kw name="Wait and Click" library="Resources">
<arg>${cookieDismiss}</arg>
<kw name="Wait Until Page Contains Element" library="Selenium2Library">
<arg>${locator}</arg>
<doc>Waits until the element ``locator`` appears on the current page.</doc>
<status status="PASS" starttime="20230326 01:19:24.731" endtime="20230326 01:19:24.735"/>
</kw>
<kw name="Scroll Element Into View" library="Selenium2Library">
<arg>${locator}</arg>
<doc>Scrolls the element identified by ``locator`` into view.</doc>
<status status="PASS" starttime="20230326 01:19:24.735" endtime="20230326 01:19:25.002"/>
</kw>
<kw name="Click Element" library="Selenium2Library">
<arg>${locator}</arg>
<doc>Click the element identified by ``locator``.</doc>
<msg timestamp="20230326 01:19:25.003" level="INFO">Clicking element '//a[@aria-label='dismiss cookie message']'.</msg>
<status status="PASS" starttime="20230326 01:19:25.002" endtime="20230326 01:19:25.216"/>
</kw>
<status status="PASS" starttime="20230326 01:19:24.730" endtime="20230326 01:19:25.216"/>
</kw>
<status status="PASS" starttime="20230326 01:19:17.159" endtime="20230326 01:19:25.216"/>
</kw>
<kw name="Login To The Website" library="loginWebsite">
<kw name="Wait and Click" library="Resources">
<arg>${account}</arg>
<kw name="Wait Until Page Contains Element" library="Selenium2Library">
<arg>${locator}</arg>
<doc>Waits until the element ``locator`` appears on the current page.</doc>
<status status="PASS" starttime="20230326 01:19:25.218" endtime="20230326 01:19:25.222"/>
</kw>
<kw name="Scroll Element Into View" library="Selenium2Library">
<arg>${locator}</arg>
<doc>Scrolls the element identified by ``locator`` into view.</doc>
<status status="PASS" starttime="20230326 01:19:25.222" endtime="20230326 01:19:25.492"/>
</kw>
<kw name="Click Element" library="Selenium2Library">
<arg>${locator}</arg>
<doc>Click the element identified by ``locator``.</doc>
<msg timestamp="20230326 01:19:25.493" level="INFO">Clicking element '//span[normalize-space()='Account']'.</msg>
<status status="PASS" starttime="20230326 01:19:25.492" endtime="20230326 01:19:25.720"/>
</kw>
<status status="PASS" starttime="20230326 01:19:25.217" endtime="20230326 01:19:25.720"/>
</kw>
<kw name="Wait and Click" library="Resources">
<arg>${getToLogin}</arg>
<kw name="Wait Until Page Contains Element" library="Selenium2Library">
<arg>${locator}</arg>
<doc>Waits until the element ``locator`` appears on the current page.</doc>
<status status="PASS" starttime="20230326 01:19:25.722" endtime="20230326 01:19:25.725"/>
</kw>
<kw name="Scroll Element Into View" library="Selenium2Library">
<arg>${locator}</arg>
<doc>Scrolls the element identified by ``locator`` into view.</doc>
<status status="PASS" starttime="20230326 01:19:25.725" endtime="20230326 01:19:25.985"/>
</kw>
<kw name="Click Element" library="Selenium2Library">
<arg>${locator}</arg>
<doc>Click the element identified by ``locator``.</doc>
<msg timestamp="20230326 01:19:25.986" level="INFO">Clicking element '//button[@id='navbarLoginButton']//span[contains(text(),'Login')]'.</msg>
<status status="PASS" starttime="20230326 01:19:25.986" endtime="20230326 01:19:26.292"/>
</kw>
<status status="PASS" starttime="20230326 01:19:25.720" endtime="20230326 01:19:26.292"/>
</kw>
<kw name="Clear and Input" library="Resources">
<arg>${emailBox}</arg>
<arg>${email}</arg>
<kw name="Scroll Element Into View" library="Selenium2Library">
<arg>${locator}</arg>
<doc>Scrolls the element identified by ``locator`` into view.</doc>
<status status="PASS" starttime="20230326 01:19:26.293" endtime="20230326 01:19:26.568"/>
</kw>
<kw name="Clear Element Text" library="Selenium2Library">
<arg>${locator}</arg>
<doc>Clears the value of the text-input-element identified by ``locator``.</doc>
<status status="PASS" starttime="20230326 01:19:26.568" endtime="20230326 01:19:26.577"/>
</kw>
<kw name="Input Text" library="Selenium2Library">
<arg>${locator}</arg>
<arg>${texttoenter}</arg>
<doc>Types the given ``text`` into the text field identified by ``locator``.</doc>
<msg timestamp="20230326 01:19:26.578" level="INFO">Typing text 'qachallengesalaryhero@sh.com' into text field '//input[@id='email']'.</msg>
<status status="PASS" starttime="20230326 01:19:26.577" endtime="20230326 01:19:26.636"/>
</kw>
<status status="PASS" starttime="20230326 01:19:26.292" endtime="20230326 01:19:26.637"/>
</kw>
<kw name="Clear and Input" library="Resources">
<arg>${passwordBox}</arg>
<arg>${password}</arg>
<kw name="Scroll Element Into View" library="Selenium2Library">
<arg>${locator}</arg>
<doc>Scrolls the element identified by ``locator`` into view.</doc>
<status status="PASS" starttime="20230326 01:19:26.637" endtime="20230326 01:19:26.936"/>
</kw>
<kw name="Clear Element Text" library="Selenium2Library">
<arg>${locator}</arg>
<doc>Clears the value of the text-input-element identified by ``locator``.</doc>
<status status="PASS" starttime="20230326 01:19:26.936" endtime="20230326 01:19:26.945"/>
</kw>
<kw name="Input Text" library="Selenium2Library">
<arg>${locator}</arg>
<arg>${texttoenter}</arg>
<doc>Types the given ``text`` into the text field identified by ``locator``.</doc>
<msg timestamp="20230326 01:19:26.945" level="INFO">Typing text 'QASalaryHero' into text field '//input[@id='password']'.</msg>
<status status="PASS" starttime="20230326 01:19:26.945" endtime="20230326 01:19:26.970"/>
</kw>
<status status="PASS" starttime="20230326 01:19:26.637" endtime="20230326 01:19:26.970"/>
</kw>
<kw name="Wait and Click" library="Resources">
<arg>${login}</arg>
<kw name="Wait Until Page Contains Element" library="Selenium2Library">
<arg>${locator}</arg>
<doc>Waits until the element ``locator`` appears on the current page.</doc>
<status status="PASS" starttime="20230326 01:19:26.970" endtime="20230326 01:19:26.972"/>
</kw>
<kw name="Scroll Element Into View" library="Selenium2Library">
<arg>${locator}</arg>
<doc>Scrolls the element identified by ``locator`` into view.</doc>
<status status="PASS" starttime="20230326 01:19:26.972" endtime="20230326 01:19:27.226"/>
</kw>
<kw name="Click Element" library="Selenium2Library">
<arg>${locator}</arg>
<doc>Click the element identified by ``locator``.</doc>
<msg timestamp="20230326 01:19:27.227" level="INFO">Clicking element '//button[@id='loginButton']//span[@class='mat-button-wrapper']'.</msg>
<status status="PASS" starttime="20230326 01:19:27.226" endtime="20230326 01:19:27.446"/>
</kw>
<status status="PASS" starttime="20230326 01:19:26.970" endtime="20230326 01:19:27.446"/>
</kw>
<kw name="Wait Until Page Contains Element" library="Selenium2Library">
<arg>${basketAssert}</arg>
<doc>Waits until the element ``locator`` appears on the current page.</doc>
<status status="PASS" starttime="20230326 01:19:27.446" endtime="20230326 01:19:27.661"/>
</kw>
<kw name="Log To Console And Capture Screenshot" library="Resources">
<arg>"Login Successful"</arg>
<kw name="Log To Console" library="BuiltIn">
<arg>${textToAssert}</arg>
<doc>Logs the given message to the console.</doc>
<status status="PASS" starttime="20230326 01:19:27.662" endtime="20230326 01:19:27.663"/>
</kw>
<kw name="Get Time" library="BuiltIn">
<var>${time}</var>
<arg>format=%H:%M:%S:%MS</arg>
<doc>Returns the given time in the requested format.</doc>
<msg timestamp="20230326 01:19:27.663" level="INFO">${time} = 2023-03-26 01:19:27</msg>
<status status="PASS" starttime="20230326 01:19:27.663" endtime="20230326 01:19:27.663"/>
</kw>
<kw name="Capture Page Screenshot" library="Selenium2Library">
<arg>Screenshot_${time}.png</arg>
<doc>Takes a screenshot of the current page and embeds it into a log file.</doc>
<msg timestamp="20230326 01:19:27.753" level="INFO" html="true">&lt;/td&gt;&lt;/tr&gt;&lt;tr&gt;&lt;td colspan="3"&gt;&lt;a href="Screenshot_2023-03-26%2001%3A19%3A27.png"&gt;&lt;img src="Screenshot_2023-03-26%2001%3A19%3A27.png" width="800px"&gt;&lt;/a&gt;</msg>
<status status="PASS" starttime="20230326 01:19:27.663" endtime="20230326 01:19:27.753"/>
</kw>
<status status="PASS" starttime="20230326 01:19:27.662" endtime="20230326 01:19:27.753"/>
</kw>
<status status="PASS" starttime="20230326 01:19:25.217" endtime="20230326 01:19:27.753"/>
</kw>
<kw name="Move To Cart" library="Resources">
<kw name="Wait and Click" library="Resources">
<arg>${movetobasket}</arg>
<kw name="Wait Until Page Contains Element" library="Selenium2Library">
<arg>${locator}</arg>
<doc>Waits until the element ``locator`` appears on the current page.</doc>
<status status="PASS" starttime="20230326 01:19:27.753" endtime="20230326 01:19:27.817"/>
</kw>
<kw name="Scroll Element Into View" library="Selenium2Library">
<arg>${locator}</arg>
<doc>Scrolls the element identified by ``locator`` into view.</doc>
<status status="PASS" starttime="20230326 01:19:27.817" endtime="20230326 01:19:28.077"/>
</kw>
<kw name="Click Element" library="Selenium2Library">
<arg>${locator}</arg>
<doc>Click the element identified by ``locator``.</doc>
<msg timestamp="20230326 01:19:28.077" level="INFO">Clicking element '//span[normalize-space()='Your Basket']'.</msg>
<status status="PASS" starttime="20230326 01:19:28.077" endtime="20230326 01:19:28.317"/>
</kw>
<status status="PASS" starttime="20230326 01:19:27.753" endtime="20230326 01:19:28.317"/>
</kw>
<status status="PASS" starttime="20230326 01:19:27.753" endtime="20230326 01:19:28.317"/>
</kw>
<kw name="Skip If Empty" library="skipIf">
<arg>Clear Cart</arg>
<kw name="Sleep" library="BuiltIn">
<arg>0.5s</arg>
<doc>Pauses the test executed for the given time.</doc>
<msg timestamp="20230326 01:19:28.819" level="INFO">Slept 500 milliseconds</msg>
<status status="PASS" starttime="20230326 01:19:28.318" endtime="20230326 01:19:28.819"/>
</kw>
<kw name="Run Keyword And Return Status" library="BuiltIn">
<var>${IsElementVisible}</var>
<arg>Element Should Be Visible</arg>
<arg>${deleteButton}</arg>
<doc>Runs the given keyword with given arguments and returns the status as a Boolean value.</doc>
<kw name="Element Should Be Visible" library="Selenium2Library">
<arg>${deleteButton}</arg>
<doc>Verifies that the element identified by ``locator`` is visible.</doc>
<msg timestamp="20230326 01:19:28.921" level="INFO" html="true">&lt;/td&gt;&lt;/tr&gt;&lt;tr&gt;&lt;td colspan="3"&gt;&lt;a href="selenium-screenshot-315.png"&gt;&lt;img src="selenium-screenshot-315.png" width="800px"&gt;&lt;/a&gt;</msg>
<msg timestamp="20230326 01:19:28.921" level="FAIL">Element with locator '//button[@class='mat-focus-indicator mat-icon-button mat-button-base']' not found.</msg>
<status status="FAIL" starttime="20230326 01:19:28.820" endtime="20230326 01:19:28.921"/>
</kw>
<msg timestamp="20230326 01:19:28.921" level="INFO">${IsElementVisible} = False</msg>
<status status="PASS" starttime="20230326 01:19:28.820" endtime="20230326 01:19:28.921"/>
</kw>
<kw name="Run Keyword If" library="BuiltIn">
<arg>${IsElementVisible}</arg>
<arg>${KeywordName}</arg>
<arg>ELSE</arg>
<arg>Log To Console</arg>
<arg>"Section Is Empty. No items to clear."</arg>
<doc>Runs the given keyword with the given arguments, if ``condition`` is true.</doc>
<kw name="Log To Console" library="BuiltIn">
<arg>"Section Is Empty. No items to clear."</arg>
<doc>Logs the given message to the console.</doc>
<status status="PASS" starttime="20230326 01:19:28.922" endtime="20230326 01:19:28.922"/>
</kw>
<status status="PASS" starttime="20230326 01:19:28.921" endtime="20230326 01:19:28.922"/>
</kw>
<kw name="Return Home" library="Resources">
<kw name="Wait and Click" library="Resources">
<arg>${headerbutton}</arg>
<kw name="Wait Until Page Contains Element" library="Selenium2Library">
<arg>${locator}</arg>
<doc>Waits until the element ``locator`` appears on the current page.</doc>
<status status="PASS" starttime="20230326 01:19:28.922" endtime="20230326 01:19:28.924"/>
</kw>
<kw name="Scroll Element Into View" library="Selenium2Library">
<arg>${locator}</arg>
<doc>Scrolls the element identified by ``locator`` into view.</doc>
<status status="PASS" starttime="20230326 01:19:28.924" endtime="20230326 01:19:29.184"/>
</kw>
<kw name="Click Element" library="Selenium2Library">
<arg>${locator}</arg>
<doc>Click the element identified by ``locator``.</doc>
<msg timestamp="20230326 01:19:29.186" level="INFO">Clicking element '//span[@class='mat-button-wrapper']//span[contains(text(),'OWASP Juice Shop')]'.</msg>
<status status="PASS" starttime="20230326 01:19:29.184" endtime="20230326 01:19:29.428"/>
</kw>
<status status="PASS" starttime="20230326 01:19:28.922" endtime="20230326 01:19:29.428"/>
</kw>
<status status="PASS" starttime="20230326 01:19:28.922" endtime="20230326 01:19:29.429"/>
</kw>
<status status="PASS" starttime="20230326 01:19:28.318" endtime="20230326 01:19:29.429"/>
</kw>
<kw name="Move To Address Book" library="clearAddressBook">
<kw name="Wait and Click" library="Resources">
<arg>${accountButton}</arg>
<kw name="Wait Until Page Contains Element" library="Selenium2Library">
<arg>${locator}</arg>
<doc>Waits until the element ``locator`` appears on the current page.</doc>
<status status="PASS" starttime="20230326 01:19:29.430" endtime="20230326 01:19:29.434"/>
</kw>
<kw name="Scroll Element Into View" library="Selenium2Library">
<arg>${locator}</arg>
<doc>Scrolls the element identified by ``locator`` into view.</doc>
<status status="PASS" starttime="20230326 01:19:29.434" endtime="20230326 01:19:29.698"/>
</kw>
<kw name="Click Element" library="Selenium2Library">
<arg>${locator}</arg>
<doc>Click the element identified by ``locator``.</doc>
<msg timestamp="20230326 01:19:29.699" level="INFO">Clicking element '(//span[normalize-space()='Account'])[1]'.</msg>
<status status="PASS" starttime="20230326 01:19:29.698" endtime="20230326 01:19:29.939"/>
</kw>
<status status="PASS" starttime="20230326 01:19:29.430" endtime="20230326 01:19:29.939"/>
</kw>
<kw name="Wait and Click" library="Resources">
<arg>${OPButton}</arg>
<kw name="Wait Until Page Contains Element" library="Selenium2Library">
<arg>${locator}</arg>
<doc>Waits until the element ``locator`` appears on the current page.</doc>
<status status="PASS" starttime="20230326 01:19:29.940" endtime="20230326 01:19:29.943"/>
</kw>
<kw name="Scroll Element Into View" library="Selenium2Library">
<arg>${locator}</arg>
<doc>Scrolls the element identified by ``locator`` into view.</doc>
<status status="PASS" starttime="20230326 01:19:29.943" endtime="20230326 01:19:30.215"/>
</kw>
<kw name="Click Element" library="Selenium2Library">
<arg>${locator}</arg>
<doc>Click the element identified by ``locator``.</doc>
<msg timestamp="20230326 01:19:30.215" level="INFO">Clicking element '//button[@aria-label='Show Orders and Payment Menu']//span[contains(text(),'Orders &amp; Payment')]'.</msg>
<status status="PASS" starttime="20230326 01:19:30.215" endtime="20230326 01:19:30.430"/>
</kw>
<status status="PASS" starttime="20230326 01:19:29.939" endtime="20230326 01:19:30.430"/>
</kw>
<kw name="Wait and Click" library="Resources">
<arg>${savedAddressButton}</arg>
<kw name="Wait Until Page Contains Element" library="Selenium2Library">
<arg>${locator}</arg>
<doc>Waits until the element ``locator`` appears on the current page.</doc>
<status status="PASS" starttime="20230326 01:19:30.431" endtime="20230326 01:19:30.435"/>
</kw>
<kw name="Scroll Element Into View" library="Selenium2Library">
<arg>${locator}</arg>
<doc>Scrolls the element identified by ``locator`` into view.</doc>
<status status="PASS" starttime="20230326 01:19:30.435" endtime="20230326 01:19:30.706"/>
</kw>
<kw name="Click Element" library="Selenium2Library">
<arg>${locator}</arg>
<doc>Click the element identified by ``locator``.</doc>
<msg timestamp="20230326 01:19:30.707" level="INFO">Clicking element '(//span[normalize-space()='My saved addresses'])[1]'.</msg>
<msg timestamp="20230326 01:19:30.863" level="INFO" html="true">&lt;/td&gt;&lt;/tr&gt;&lt;tr&gt;&lt;td colspan="3"&gt;&lt;a href="selenium-screenshot-316.png"&gt;&lt;img src="selenium-screenshot-316.png" width="800px"&gt;&lt;/a&gt;</msg>
<msg timestamp="20230326 01:19:30.863" level="FAIL">Element with locator '(//span[normalize-space()='My saved addresses'])[1]' not found.</msg>
<status status="FAIL" starttime="20230326 01:19:30.706" endtime="20230326 01:19:30.864"/>
</kw>
<status status="FAIL" starttime="20230326 01:19:30.430" endtime="20230326 01:19:30.864"/>
</kw>
<kw name="Sleep" library="BuiltIn">
<arg>1s</arg>
<doc>Pauses the test executed for the given time.</doc>
<status status="NOT RUN" starttime="20230326 01:19:30.864" endtime="20230326 01:19:30.864"/>
</kw>
<status status="FAIL" starttime="20230326 01:19:29.429" endtime="20230326 01:19:30.864"/>
</kw>
<kw name="Skip If Empty" library="skipIf">
<arg>Clear Address Book</arg>
<status status="NOT RUN" starttime="20230326 01:19:30.864" endtime="20230326 01:19:30.864"/>
</kw>
<kw name="Add Item(s) To Basket" library="addItemToBasket">
<arg>2</arg>
<status status="NOT RUN" starttime="20230326 01:19:30.864" endtime="20230326 01:19:30.864"/>
</kw>
<kw name="Click Checkout" library="checkout">
<status status="NOT RUN" starttime="20230326 01:19:30.864" endtime="20230326 01:19:30.864"/>
</kw>
<kw name="Add New Address" library="address">
<status status="NOT RUN" starttime="20230326 01:19:30.865" endtime="20230326 01:19:30.865"/>
</kw>
<kw name="Select Address" library="address">
<status status="NOT RUN" starttime="20230326 01:19:30.865" endtime="20230326 01:19:30.865"/>
</kw>
<kw name="Select Delivery" library="delivery">
<status status="NOT RUN" starttime="20230326 01:19:30.865" endtime="20230326 01:19:30.865"/>
</kw>
<kw name="closeTest" library="Resources" type="TEARDOWN">
<kw name="Close All Browsers" library="Selenium2Library">
<doc>Closes all open browsers and resets the browser cache.</doc>
<status status="PASS" starttime="20230326 01:19:30.865" endtime="20230326 01:19:31.339"/>
</kw>
<status status="PASS" starttime="20230326 01:19:30.865" endtime="20230326 01:19:31.339"/>
</kw>
<tag>Salary Hero QA Challenge</tag>
<status status="FAIL" starttime="20230326 01:19:17.159" endtime="20230326 01:19:31.339">Element with locator '(//span[normalize-space()='My saved addresses'])[1]' not found.</status>
</test>
<test id="s1-t3" name="Test Case 3: Search for Apple, verify that 2 Apple products show up and Banana product does not show up." line="47">
<kw name="startTest" library="Resources" type="SETUP">
<kw name="Open Browser" library="Selenium2Library">
<arg>${url}</arg>
<arg>${browser}</arg>
<doc>Opens a new browser instance to the optional ``url``.</doc>
<msg timestamp="20230326 01:19:31.340" level="INFO">Opening browser 'firefox' to base url 'https://salaryhero-qa-challenge.herokuapp.com/#/'.</msg>
<msg timestamp="20230326 01:19:31.341" level="INFO">Firefox driver log is always forced to to: /Users/kprgautam/PycharmProjects/TestAutomation/geckodriver-17.log</msg>
<status status="PASS" starttime="20230326 01:19:31.340" endtime="20230326 01:19:38.379"/>
</kw>
<kw name="Maximize Browser Window" library="Selenium2Library">
<doc>Maximizes current browser window.</doc>
<status status="PASS" starttime="20230326 01:19:38.380" endtime="20230326 01:19:38.851"/>
</kw>
<kw name="Wait and Click" library="Resources">
<arg>${dismiss}</arg>
<kw name="Wait Until Page Contains Element" library="Selenium2Library">
<arg>${locator}</arg>
<doc>Waits until the element ``locator`` appears on the current page.</doc>
<status status="PASS" starttime="20230326 01:19:38.852" endtime="20230326 01:19:38.868"/>
</kw>
<kw name="Scroll Element Into View" library="Selenium2Library">
<arg>${locator}</arg>
<doc>Scrolls the element identified by ``locator`` into view.</doc>
<status status="PASS" starttime="20230326 01:19:38.868" endtime="20230326 01:19:39.137"/>
</kw>
<kw name="Click Element" library="Selenium2Library">
<arg>${locator}</arg>
<doc>Click the element identified by ``locator``.</doc>
<msg timestamp="20230326 01:19:39.138" level="INFO">Clicking element '//span[normalize-space()='Dismiss']'.</msg>
<status status="PASS" starttime="20230326 01:19:39.137" endtime="20230326 01:19:39.362"/>
</kw>
<status status="PASS" starttime="20230326 01:19:38.852" endtime="20230326 01:19:39.362"/>
</kw>
<kw name="Wait and Click" library="Resources">
<arg>${cookieDismiss}</arg>
<kw name="Wait Until Page Contains Element" library="Selenium2Library">
<arg>${locator}</arg>
<doc>Waits until the element ``locator`` appears on the current page.</doc>
<status status="PASS" starttime="20230326 01:19:39.363" endtime="20230326 01:19:39.366"/>
</kw>
<kw name="Scroll Element Into View" library="Selenium2Library">
<arg>${locator}</arg>
<doc>Scrolls the element identified by ``locator`` into view.</doc>
<status status="PASS" starttime="20230326 01:19:39.367" endtime="20230326 01:19:39.634"/>
</kw>
<kw name="Click Element" library="Selenium2Library">
<arg>${locator}</arg>
<doc>Click the element identified by ``locator``.</doc>
<msg timestamp="20230326 01:19:39.635" level="INFO">Clicking element '//a[@aria-label='dismiss cookie message']'.</msg>
<status status="PASS" starttime="20230326 01:19:39.634" endtime="20230326 01:19:39.847"/>
</kw>
<status status="PASS" starttime="20230326 01:19:39.362" endtime="20230326 01:19:39.848"/>
</kw>
<status status="PASS" starttime="20230326 01:19:31.340" endtime="20230326 01:19:39.848"/>
</kw>
<kw name="Search For" library="searchForApple">
<arg>Apple</arg>
<kw name="Wait and Click" library="Resources">
<arg>${searchButton}</arg>
<kw name="Wait Until Page Contains Element" library="Selenium2Library">
<arg>${locator}</arg>
<doc>Waits until the element ``locator`` appears on the current page.</doc>
<status status="PASS" starttime="20230326 01:19:39.849" endtime="20230326 01:19:39.853"/>
</kw>
<kw name="Scroll Element Into View" library="Selenium2Library">
<arg>${locator}</arg>
<doc>Scrolls the element identified by ``locator`` into view.</doc>
<status status="PASS" starttime="20230326 01:19:39.853" endtime="20230326 01:19:40.128"/>
</kw>
<kw name="Click Element" library="Selenium2Library">
<arg>${locator}</arg>
<doc>Click the element identified by ``locator``.</doc>
<msg timestamp="20230326 01:19:40.128" level="INFO">Clicking element '//mat-icon[normalize-space()='search']'.</msg>
<status status="PASS" starttime="20230326 01:19:40.128" endtime="20230326 01:19:40.348"/>
</kw>
<status status="PASS" starttime="20230326 01:19:39.849" endtime="20230326 01:19:40.348"/>
</kw>
<kw name="Press Keys" library="Selenium2Library">
<arg>${None}</arg>
<arg>${itemName}</arg>
<doc>Simulates the user pressing key(s) to an element or on the active browser.</doc>
<msg timestamp="20230326 01:19:40.349" level="INFO">Sending key(s) ('Apple',) to page.</msg>
<msg timestamp="20230326 01:19:40.349" level="INFO">Sending keys Apple</msg>
<status status="PASS" starttime="20230326 01:19:40.348" endtime="20230326 01:19:40.373"/>
</kw>
<kw name="Press Keys" library="Selenium2Library">
<arg>${None}</arg>
<arg>ENTER</arg>
<doc>Simulates the user pressing key(s) to an element or on the active browser.</doc>
<msg timestamp="20230326 01:19:40.373" level="INFO">Sending key(s) ('ENTER',) to page.</msg>
<msg timestamp="20230326 01:19:40.373" level="INFO">Pressing special key ENTER to browser.</msg>
<msg timestamp="20230326 01:19:40.373" level="INFO">Releasing special key ENTER.</msg>
<status status="PASS" starttime="20230326 01:19:40.373" endtime="20230326 01:19:40.402"/>
</kw>
<status status="PASS" starttime="20230326 01:19:39.848" endtime="20230326 01:19:40.402"/>
</kw>
<kw name="Verify Desired Item Is Present And Its Quanity" library="verifyAppleIsPresent">
<kw name="Wait Until Page Contains Element" library="Selenium2Library">
<arg>${searchItem}</arg>
<doc>Waits until the element ``locator`` appears on the current page.</doc>
<status status="PASS" starttime="20230326 01:19:40.402" endtime="20230326 01:19:40.846"/>
</kw>
<kw name="Get Text" library="Selenium2Library">
<var>${textofSearchedItem}</var>
<arg>${searchItem}</arg>
<doc>Returns the text value of the element identified by ``locator``.</doc>
<msg timestamp="20230326 01:19:40.929" level="INFO">${textofSearchedItem} = Apple</msg>
<status status="PASS" starttime="20230326 01:19:40.846" endtime="20230326 01:19:40.929"/>
</kw>
<kw name="Wait Until Page Contains Element" library="Selenium2Library">
<arg>${itemname}</arg>
<arg>${None}</arg>
<doc>Waits until the element ``locator`` appears on the current page.</doc>
<status status="PASS" starttime="20230326 01:19:40.929" endtime="20230326 01:19:40.971"/>
</kw>
<kw name="Get Element Count" library="Selenium2Library">
<var>${count}</var>
<arg>${itemname}</arg>
<doc>Returns the number of elements matching ``locator``.</doc>
<msg timestamp="20230326 01:19:40.999" level="INFO">${count} = 2</msg>
<status status="PASS" starttime="20230326 01:19:40.971" endtime="20230326 01:19:40.999"/>
</kw>
<kw name="Log To Console And Capture Screenshot" library="Resources">
<arg>There are ${count} ${textofSearchedItem} products in this page.</arg>
<kw name="Log To Console" library="BuiltIn">
<arg>${textToAssert}</arg>
<doc>Logs the given message to the console.</doc>
<status status="PASS" starttime="20230326 01:19:40.999" endtime="20230326 01:19:41.000"/>
</kw>
<kw name="Get Time" library="BuiltIn">
<var>${time}</var>
<arg>format=%H:%M:%S:%MS</arg>
<doc>Returns the given time in the requested format.</doc>
<msg timestamp="20230326 01:19:41.000" level="INFO">${time} = 2023-03-26 01:19:40</msg>
<status status="PASS" starttime="20230326 01:19:41.000" endtime="20230326 01:19:41.000"/>
</kw>
<kw name="Capture Page Screenshot" library="Selenium2Library">
<arg>Screenshot_${time}.png</arg>
<doc>Takes a screenshot of the current page and embeds it into a log file.</doc>
<msg timestamp="20230326 01:19:41.105" level="INFO" html="true">&lt;/td&gt;&lt;/tr&gt;&lt;tr&gt;&lt;td colspan="3"&gt;&lt;a href="Screenshot_2023-03-26%2001%3A19%3A40.png"&gt;&lt;img src="Screenshot_2023-03-26%2001%3A19%3A40.png" width="800px"&gt;&lt;/a&gt;</msg>
<status status="PASS" starttime="20230326 01:19:41.000" endtime="20230326 01:19:41.105"/>
</kw>
<status status="PASS" starttime="20230326 01:19:40.999" endtime="20230326 01:19:41.105"/>
</kw>
<kw name="Element Should Contain" library="Selenium2Library">
<arg>${itemname}</arg>
<arg>${textofSearchedItem}</arg>
<doc>Verifies that element ``locator`` contains text ``expected``.</doc>
<msg timestamp="20230326 01:19:41.110" level="INFO">Element '//div[@class='item-name']' contains text 'Apple'.</msg>
<status status="PASS" starttime="20230326 01:19:41.105" endtime="20230326 01:19:41.110"/>
</kw>
<kw name="Log To Console And Capture Screenshot" library="Resources">
<arg>Only $${textofSearchedItem} Products are available.</arg>
<kw name="Log To Console" library="BuiltIn">
<arg>${textToAssert}</arg>
<doc>Logs the given message to the console.</doc>
<status status="PASS" starttime="20230326 01:19:41.111" endtime="20230326 01:19:41.111"/>
</kw>
<kw name="Get Time" library="BuiltIn">
<var>${time}</var>
<arg>format=%H:%M:%S:%MS</arg>
<doc>Returns the given time in the requested format.</doc>
<msg timestamp="20230326 01:19:41.111" level="INFO">${time} = 2023-03-26 01:19:41</msg>
<status status="PASS" starttime="20230326 01:19:41.111" endtime="20230326 01:19:41.111"/>
</kw>
<kw name="Capture Page Screenshot" library="Selenium2Library">
<arg>Screenshot_${time}.png</arg>
<doc>Takes a screenshot of the current page and embeds it into a log file.</doc>
<msg timestamp="20230326 01:19:41.210" level="INFO" html="true">&lt;/td&gt;&lt;/tr&gt;&lt;tr&gt;&lt;td colspan="3"&gt;&lt;a href="Screenshot_2023-03-26%2001%3A19%3A41.png"&gt;&lt;img src="Screenshot_2023-03-26%2001%3A19%3A41.png" width="800px"&gt;&lt;/a&gt;</msg>
<status status="PASS" starttime="20230326 01:19:41.111" endtime="20230326 01:19:41.210"/>
</kw>
<status status="PASS" starttime="20230326 01:19:41.110" endtime="20230326 01:19:41.210"/>
</kw>
<status status="PASS" starttime="20230326 01:19:40.402" endtime="20230326 01:19:41.210"/>
</kw>
<kw name="Verify Undesired Product Is Not Present" library="verifyAppleIsPresent">
<arg>Banana</arg>
<kw name="Element Should Not Contain" library="Selenium2Library">
<arg>${itemname}</arg>
<arg>${undesiredItem}</arg>
<doc>Verifies that element ``locator`` does not contain text ``expected``.</doc>
<msg timestamp="20230326 01:19:41.215" level="INFO">Element '//div[@class='item-name']' does not contain text 'Banana'.</msg>
<status status="PASS" starttime="20230326 01:19:41.211" endtime="20230326 01:19:41.215"/>
</kw>
<kw name="Log To Console And Capture Screenshot" library="Resources">
<arg>"No ${undesiredItem} Products Found".</arg>
<kw name="Log To Console" library="BuiltIn">
<arg>${textToAssert}</arg>
<doc>Logs the given message to the console.</doc>
<status status="PASS" starttime="20230326 01:19:41.216" endtime="20230326 01:19:41.216"/>
</kw>
<kw name="Get Time" library="BuiltIn">
<var>${time}</var>
<arg>format=%H:%M:%S:%MS</arg>
<doc>Returns the given time in the requested format.</doc>
<msg timestamp="20230326 01:19:41.216" level="INFO">${time} = 2023-03-26 01:19:41</msg>
<status status="PASS" starttime="20230326 01:19:41.216" endtime="20230326 01:19:41.216"/>
</kw>
<kw name="Capture Page Screenshot" library="Selenium2Library">
<arg>Screenshot_${time}.png</arg>
<doc>Takes a screenshot of the current page and embeds it into a log file.</doc>
<msg timestamp="20230326 01:19:41.320" level="INFO" html="true">&lt;/td&gt;&lt;/tr&gt;&lt;tr&gt;&lt;td colspan="3"&gt;&lt;a href="Screenshot_2023-03-26%2001%3A19%3A41.png"&gt;&lt;img src="Screenshot_2023-03-26%2001%3A19%3A41.png" width="800px"&gt;&lt;/a&gt;</msg>
<status status="PASS" starttime="20230326 01:19:41.216" endtime="20230326 01:19:41.320"/>
</kw>
<status status="PASS" starttime="20230326 01:19:41.216" endtime="20230326 01:19:41.320"/>
</kw>
<status status="PASS" starttime="20230326 01:19:41.211" endtime="20230326 01:19:41.320"/>
</kw>
<kw name="closeTest" library="Resources" type="TEARDOWN">
<kw name="Close All Browsers" library="Selenium2Library">
<doc>Closes all open browsers and resets the browser cache.</doc>
<status status="PASS" starttime="20230326 01:19:41.321" endtime="20230326 01:19:41.795"/>
</kw>
<status status="PASS" starttime="20230326 01:19:41.321" endtime="20230326 01:19:41.795"/>
</kw>
<tag>Salary Hero QA Challenge</tag>
<status status="PASS" starttime="20230326 01:19:31.340" endtime="20230326 01:19:41.795"/>
</test>
<status status="FAIL" starttime="20230326 01:18:56.043" endtime="20230326 01:19:41.796"/>
</suite>
<statistics>
<total>
<stat pass="1" fail="2" skip="0">All Tests</stat>
</total>
<tag>
<stat pass="1" fail="2" skip="0">Salary Hero QA Challenge</stat>
</tag>
<suite>
<stat pass="1" fail="2" skip="0" id="s1" name="TestCases">TestCases</stat>
</suite>
</statistics>
<errors>
</errors>
</robot>
