<?xml version="1.0" encoding="UTF-8"?>
<robot generator="Robot 6.0.2 (Python 3.11.2 on darwin)" generated="20230326 16:06:38.314" rpa="false" schemaversion="3">
<suite id="s1" name="TestCases" source="/Users/kprgautam/PycharmProjects/TestAutomation/Testing/TestCases.robot">
<test id="s1-t1" name="Test Case 1: Add 1 item to the basket." line="20">
<kw name="startTest" library="Resources" type="SETUP">
<kw name="Open Browser" library="Selenium2Library">
<arg>${url}</arg>
<arg>${browser}</arg>
<doc>Opens a new browser instance to the optional ``url``.</doc>
<msg timestamp="20230326 16:06:38.438" level="INFO">Opening browser 'chrome' to base url 'https://salaryhero-qa-challenge.herokuapp.com/#/'.</msg>
<status status="PASS" starttime="20230326 16:06:38.438" endtime="20230326 16:06:46.092"/>
</kw>
<kw name="Maximize Browser Window" library="Selenium2Library">
<doc>Maximizes current browser window.</doc>
<status status="PASS" starttime="20230326 16:06:46.093" endtime="20230326 16:06:46.509"/>
</kw>
<kw name="Wait and Click" library="Resources">
<arg>${dismiss}</arg>
<kw name="Wait Until Page Contains Element" library="Selenium2Library">
<arg>${locator}</arg>
<doc>Waits until the element ``locator`` appears on the current page.</doc>
<status status="PASS" starttime="20230326 16:06:46.510" endtime="20230326 16:06:46.519"/>
</kw>
<kw name="Scroll Element Into View" library="Selenium2Library">
<arg>${locator}</arg>
<doc>Scrolls the element identified by ``locator`` into view.</doc>
<status status="PASS" starttime="20230326 16:06:46.519" endtime="20230326 16:06:46.790"/>
</kw>
<kw name="Click Element" library="Selenium2Library">
<arg>${locator}</arg>
<doc>Click the element identified by ``locator``.</doc>
<msg timestamp="20230326 16:06:46.792" level="INFO">Clicking element '//span[normalize-space()='Dismiss']'.</msg>
<status status="PASS" starttime="20230326 16:06:46.791" endtime="20230326 16:06:46.833"/>
</kw>
<status status="PASS" starttime="20230326 16:06:46.509" endtime="20230326 16:06:46.834"/>
</kw>
<kw name="Wait and Click" library="Resources">
<arg>${cookieDismiss}</arg>
<kw name="Wait Until Page Contains Element" library="Selenium2Library">
<arg>${locator}</arg>
<doc>Waits until the element ``locator`` appears on the current page.</doc>
<status status="PASS" starttime="20230326 16:06:46.834" endtime="20230326 16:06:46.842"/>
</kw>
<kw name="Scroll Element Into View" library="Selenium2Library">
<arg>${locator}</arg>
<doc>Scrolls the element identified by ``locator`` into view.</doc>
<status status="PASS" starttime="20230326 16:06:46.842" endtime="20230326 16:06:47.121"/>
</kw>
<kw name="Click Element" library="Selenium2Library">
<arg>${locator}</arg>
<doc>Click the element identified by ``locator``.</doc>
<msg timestamp="20230326 16:06:47.122" level="INFO">Clicking element '//a[@aria-label='dismiss cookie message']'.</msg>
<status status="PASS" starttime="20230326 16:06:47.121" endtime="20230326 16:06:47.157"/>
</kw>
<status status="PASS" starttime="20230326 16:06:46.834" endtime="20230326 16:06:47.158"/>
</kw>
<status status="PASS" starttime="20230326 16:06:38.437" endtime="20230326 16:06:47.158"/>
</kw>
<kw name="Login To The Website" library="loginWebsite">
<kw name="Wait and Click" library="Resources">
<arg>${account}</arg>
<kw name="Wait Until Page Contains Element" library="Selenium2Library">
<arg>${locator}</arg>
<doc>Waits until the element ``locator`` appears on the current page.</doc>
<status status="PASS" starttime="20230326 16:06:47.158" endtime="20230326 16:06:47.167"/>
</kw>
<kw name="Scroll Element Into View" library="Selenium2Library">
<arg>${locator}</arg>
<doc>Scrolls the element identified by ``locator`` into view.</doc>
<status status="PASS" starttime="20230326 16:06:47.167" endtime="20230326 16:06:47.440"/>
</kw>
<kw name="Click Element" library="Selenium2Library">
<arg>${locator}</arg>
<doc>Click the element identified by ``locator``.</doc>
<msg timestamp="20230326 16:06:47.441" level="INFO">Clicking element '//span[normalize-space()='Account']'.</msg>
<status status="PASS" starttime="20230326 16:06:47.440" endtime="20230326 16:06:47.485"/>
</kw>
<status status="PASS" starttime="20230326 16:06:47.158" endtime="20230326 16:06:47.485"/>
</kw>
<kw name="Wait and Click" library="Resources">
<arg>${getToLogin}</arg>
<kw name="Wait Until Page Contains Element" library="Selenium2Library">
<arg>${locator}</arg>
<doc>Waits until the element ``locator`` appears on the current page.</doc>
<status status="PASS" starttime="20230326 16:06:47.486" endtime="20230326 16:06:47.493"/>
</kw>
<kw name="Scroll Element Into View" library="Selenium2Library">
<arg>${locator}</arg>
<doc>Scrolls the element identified by ``locator`` into view.</doc>
<status status="PASS" starttime="20230326 16:06:47.493" endtime="20230326 16:06:47.773"/>
</kw>
<kw name="Click Element" library="Selenium2Library">
<arg>${locator}</arg>
<doc>Click the element identified by ``locator``.</doc>
<msg timestamp="20230326 16:06:47.775" level="INFO">Clicking element '//button[@id='navbarLoginButton']//span[contains(text(),'Login')]'.</msg>
<status status="PASS" starttime="20230326 16:06:47.774" endtime="20230326 16:06:47.866"/>
</kw>
<status status="PASS" starttime="20230326 16:06:47.485" endtime="20230326 16:06:47.866"/>
</kw>
<kw name="Clear and Input" library="Resources">
<arg>${emailBox}</arg>
<arg>${email}</arg>
<kw name="Scroll Element Into View" library="Selenium2Library">
<arg>${locator}</arg>
<doc>Scrolls the element identified by ``locator`` into view.</doc>
<status status="PASS" starttime="20230326 16:06:47.866" endtime="20230326 16:06:48.138"/>
</kw>
<kw name="Clear Element Text" library="Selenium2Library">
<arg>${locator}</arg>
<doc>Clears the value of the text-input-element identified by ``locator``.</doc>
<status status="PASS" starttime="20230326 16:06:48.138" endtime="20230326 16:06:48.171"/>
</kw>
<kw name="Input Text" library="Selenium2Library">
<arg>${locator}</arg>
<arg>${texttoenter}</arg>
<doc>Types the given ``text`` into the text field identified by ``locator``.</doc>
<msg timestamp="20230326 16:06:48.172" level="INFO">Typing text 'qachallenge@salaryhero.com' into text field '//input[@id='email']'.</msg>
<status status="PASS" starttime="20230326 16:06:48.172" endtime="20230326 16:06:48.342"/>
</kw>
<status status="PASS" starttime="20230326 16:06:47.866" endtime="20230326 16:06:48.342"/>
</kw>
<kw name="Clear and Input" library="Resources">
<arg>${passwordBox}</arg>
<arg>${password}</arg>
<kw name="Scroll Element Into View" library="Selenium2Library">
<arg>${locator}</arg>
<doc>Scrolls the element identified by ``locator`` into view.</doc>
<status status="PASS" starttime="20230326 16:06:48.342" endtime="20230326 16:06:48.623"/>
</kw>
<kw name="Clear Element Text" library="Selenium2Library">
<arg>${locator}</arg>
<doc>Clears the value of the text-input-element identified by ``locator``.</doc>
<status status="PASS" starttime="20230326 16:06:48.624" endtime="20230326 16:06:48.661"/>
</kw>
<kw name="Input Text" library="Selenium2Library">
<arg>${locator}</arg>
<arg>${texttoenter}</arg>
<doc>Types the given ``text`` into the text field identified by ``locator``.</doc>
<msg timestamp="20230326 16:06:48.661" level="INFO">Typing text 'QAChallenge' into text field '//input[@id='password']'.</msg>
<status status="PASS" starttime="20230326 16:06:48.661" endtime="20230326 16:06:48.715"/>
</kw>
<status status="PASS" starttime="20230326 16:06:48.342" endtime="20230326 16:06:48.715"/>
</kw>
<kw name="Wait and Click" library="Resources">
<arg>${login}</arg>
<kw name="Wait Until Page Contains Element" library="Selenium2Library">
<arg>${locator}</arg>
<doc>Waits until the element ``locator`` appears on the current page.</doc>
<status status="PASS" starttime="20230326 16:06:48.716" endtime="20230326 16:06:48.723"/>
</kw>
<kw name="Scroll Element Into View" library="Selenium2Library">
<arg>${locator}</arg>
<doc>Scrolls the element identified by ``locator`` into view.</doc>
<status status="PASS" starttime="20230326 16:06:48.723" endtime="20230326 16:06:48.989"/>
</kw>
<kw name="Click Element" library="Selenium2Library">
<arg>${locator}</arg>
<doc>Click the element identified by ``locator``.</doc>
<msg timestamp="20230326 16:06:48.989" level="INFO">Clicking element '//button[@id='loginButton']//span[@class='mat-button-wrapper']'.</msg>
<status status="PASS" starttime="20230326 16:06:48.989" endtime="20230326 16:06:49.034"/>
</kw>
<status status="PASS" starttime="20230326 16:06:48.715" endtime="20230326 16:06:49.034"/>
</kw>
<kw name="Wait Until Page Contains Element" library="Selenium2Library">
<arg>${basketAssert}</arg>
<doc>Waits until the element ``locator`` appears on the current page.</doc>
<status status="PASS" starttime="20230326 16:06:49.034" endtime="20230326 16:06:49.467"/>
</kw>
<kw name="Log To Console And Capture Screenshot" library="Resources">
<arg>"Login Successful"</arg>
<kw name="Log To Console" library="BuiltIn">
<arg>${textToAssert}</arg>
<doc>Logs the given message to the console.</doc>
<status status="PASS" starttime="20230326 16:06:49.468" endtime="20230326 16:06:49.468"/>
</kw>
<kw name="Get Time" library="BuiltIn">
<var>${time}</var>
<arg>format=%H:%M:%S:%MS</arg>
<doc>Returns the given time in the requested format.</doc>
<msg timestamp="20230326 16:06:49.469" level="INFO">${time} = 2023-03-26 16:06:49</msg>
<status status="PASS" starttime="20230326 16:06:49.468" endtime="20230326 16:06:49.469"/>
</kw>
<kw name="Capture Page Screenshot" library="Selenium2Library">
<arg>Screenshot_${time}.png</arg>
<doc>Takes a screenshot of the current page and embeds it into a log file.</doc>
<msg timestamp="20230326 16:06:49.705" level="INFO" html="true">&lt;/td&gt;&lt;/tr&gt;&lt;tr&gt;&lt;td colspan="3"&gt;&lt;a href="Screenshot_2023-03-26%2016%3A06%3A49.png"&gt;&lt;img src="Screenshot_2023-03-26%2016%3A06%3A49.png" width="800px"&gt;&lt;/a&gt;</msg>
<status status="PASS" starttime="20230326 16:06:49.469" endtime="20230326 16:06:49.705"/>
</kw>
<status status="PASS" starttime="20230326 16:06:49.467" endtime="20230326 16:06:49.705"/>
</kw>
<status status="PASS" starttime="20230326 16:06:47.158" endtime="20230326 16:06:49.705"/>
</kw>
<kw name="Move To Cart" library="Resources">
<kw name="Wait and Click" library="Resources">
<arg>${movetobasket}</arg>
<kw name="Wait Until Page Contains Element" library="Selenium2Library">
<arg>${locator}</arg>
<doc>Waits until the element ``locator`` appears on the current page.</doc>
<status status="PASS" starttime="20230326 16:06:49.705" endtime="20230326 16:06:49.710"/>
</kw>
<kw name="Scroll Element Into View" library="Selenium2Library">
<arg>${locator}</arg>
<doc>Scrolls the element identified by ``locator`` into view.</doc>
<status status="PASS" starttime="20230326 16:06:49.710" endtime="20230326 16:06:49.990"/>
</kw>
<kw name="Click Element" library="Selenium2Library">
<arg>${locator}</arg>
<doc>Click the element identified by ``locator``.</doc>
<msg timestamp="20230326 16:06:49.992" level="INFO">Clicking element '//span[normalize-space()='Your Basket']'.</msg>
<status status="PASS" starttime="20230326 16:06:49.991" endtime="20230326 16:06:50.051"/>
</kw>
<status status="PASS" starttime="20230326 16:06:49.705" endtime="20230326 16:06:50.051"/>
</kw>
<status status="PASS" starttime="20230326 16:06:49.705" endtime="20230326 16:06:50.051"/>
</kw>
<kw name="Skip If Empty" library="skipIf">
<arg>Clear Cart</arg>
<kw name="Sleep" library="BuiltIn">
<arg>0.5s</arg>
<doc>Pauses the test executed for the given time.</doc>
<msg timestamp="20230326 16:06:50.553" level="INFO">Slept 500 milliseconds</msg>
<status status="PASS" starttime="20230326 16:06:50.051" endtime="20230326 16:06:50.553"/>
</kw>
<kw name="Run Keyword And Return Status" library="BuiltIn">
<var>${IsElementVisible}</var>
<arg>Element Should Be Visible</arg>
<arg>${deleteButton}</arg>
<doc>Runs the given keyword with given arguments and returns the status as a Boolean value.</doc>
<kw name="Element Should Be Visible" library="Selenium2Library">
<arg>${deleteButton}</arg>
<doc>Verifies that the element identified by ``locator`` is visible.</doc>
<msg timestamp="20230326 16:06:50.575" level="INFO">Element '//button[@class='mat-focus-indicator mat-icon-button mat-button-base']' is displayed.</msg>
<status status="PASS" starttime="20230326 16:06:50.553" endtime="20230326 16:06:50.575"/>
</kw>
<msg timestamp="20230326 16:06:50.576" level="INFO">${IsElementVisible} = True</msg>
<status status="PASS" starttime="20230326 16:06:50.553" endtime="20230326 16:06:50.576"/>
</kw>
<kw name="Run Keyword If" library="BuiltIn">
<arg>${IsElementVisible}</arg>
<arg>${KeywordName}</arg>
<arg>ELSE</arg>
<arg>Log To Console</arg>
<arg>"Section Is Empty. No items to clear."</arg>
<doc>Runs the given keyword with the given arguments, if ``condition`` is true.</doc>
<kw name="Clear Cart" library="removeItemsFromBasket">
<kw name="Sleep" library="BuiltIn">
<arg>0.5s</arg>
<doc>Pauses the test executed for the given time.</doc>
<msg timestamp="20230326 16:06:51.080" level="INFO">Slept 500 milliseconds</msg>
<status status="PASS" starttime="20230326 16:06:50.578" endtime="20230326 16:06:51.080"/>
</kw>
<kw name="Clear Exisitng Data" library="clearData">
<arg>${locator}</arg>
<arg>${clickelement}</arg>
<arg>${i}</arg>
<kw name="Get WebElements" library="Selenium2Library">
<var>@{numbeofitems}</var>
<arg>${locator}</arg>
<doc>Returns a list of WebElement objects matching the ``locator``.</doc>
<msg timestamp="20230326 16:06:51.093" level="INFO">@{numbeofitems} = [ &lt;selenium.webdriver.remote.webelement.WebElement (session="298519d7d5f224e1eb5f0c8101e61beb", element="205edaf3-cca2-4e82-9e6e-7770a7f25543")&gt; | &lt;selenium.webdriver.remote.webelement.WebElement (ses...</msg>
<status status="PASS" starttime="20230326 16:06:51.082" endtime="20230326 16:06:51.093"/>
</kw>
<kw name="Get Element Count" library="Selenium2Library">
<var>${count}</var>
<arg>${locator}</arg>
<doc>Returns the number of elements matching ``locator``.</doc>
<msg timestamp="20230326 16:06:51.101" level="INFO">${count} = 2</msg>
<status status="PASS" starttime="20230326 16:06:51.093" endtime="20230326 16:06:51.101"/>
</kw>
<kw name="Log To Console" library="BuiltIn">
<arg>"${count} item(s) found to delete."</arg>
<doc>Logs the given message to the console.</doc>
<status status="PASS" starttime="20230326 16:06:51.101" endtime="20230326 16:06:51.101"/>
</kw>
<for flavor="IN">
<var>${i}</var>
<value>@{numbeofitems}</value>
<iter>
<var name="${i}">&lt;selenium.webdriver.remote.webelement.WebElement (session="298519d7d5f224e1eb5f0c8101e61beb", element="205edaf3-cca2-4e82-9e6e-7770a7f25543")&gt;</var>
<kw name="Wait and Click" library="Resources">
<arg>${clickelement}</arg>
<kw name="Wait Until Page Contains Element" library="Selenium2Library">
<arg>${locator}</arg>
<doc>Waits until the element ``locator`` appears on the current page.</doc>
<status status="PASS" starttime="20230326 16:06:51.102" endtime="20230326 16:06:51.112"/>
</kw>
<kw name="Scroll Element Into View" library="Selenium2Library">
<arg>${locator}</arg>
<doc>Scrolls the element identified by ``locator`` into view.</doc>
<status status="PASS" starttime="20230326 16:06:51.112" endtime="20230326 16:06:51.376"/>
</kw>
<kw name="Click Element" library="Selenium2Library">
<arg>${locator}</arg>
<doc>Click the element identified by ``locator``.</doc>
<msg timestamp="20230326 16:06:51.377" level="INFO">Clicking element '(//button[@class='mat-focus-indicator mat-icon-button mat-button-base'])[1]'.</msg>
<status status="PASS" starttime="20230326 16:06:51.377" endtime="20230326 16:06:51.414"/>
</kw>
<status status="PASS" starttime="20230326 16:06:51.101" endtime="20230326 16:06:51.414"/>
</kw>
<kw name="Sleep" library="BuiltIn">
<arg>0.5s</arg>
<doc>Pauses the test executed for the given time.</doc>
<msg timestamp="20230326 16:06:51.916" level="INFO">Slept 500 milliseconds</msg>
<status status="PASS" starttime="20230326 16:06:51.414" endtime="20230326 16:06:51.916"/>
</kw>
<status status="PASS" starttime="20230326 16:06:51.101" endtime="20230326 16:06:51.916"/>
</iter>
<iter>
<var name="${i}">&lt;selenium.webdriver.remote.webelement.WebElement (session="298519d7d5f224e1eb5f0c8101e61beb", element="95f1c4e2-b559-478d-a4ed-b64765795bef")&gt;</var>
<kw name="Wait and Click" library="Resources">
<arg>${clickelement}</arg>
<kw name="Wait Until Page Contains Element" library="Selenium2Library">
<arg>${locator}</arg>
<doc>Waits until the element ``locator`` appears on the current page.</doc>
<status status="PASS" starttime="20230326 16:06:51.917" endtime="20230326 16:06:51.978"/>
</kw>
<kw name="Scroll Element Into View" library="Selenium2Library">
<arg>${locator}</arg>
<doc>Scrolls the element identified by ``locator`` into view.</doc>
<status status="PASS" starttime="20230326 16:06:51.978" endtime="20230326 16:06:52.243"/>
</kw>
<kw name="Click Element" library="Selenium2Library">
<arg>${locator}</arg>
<doc>Click the element identified by ``locator``.</doc>
<msg timestamp="20230326 16:06:52.245" level="INFO">Clicking element '(//button[@class='mat-focus-indicator mat-icon-button mat-button-base'])[1]'.</msg>
<status status="PASS" starttime="20230326 16:06:52.244" endtime="20230326 16:06:52.280"/>
</kw>
<status status="PASS" starttime="20230326 16:06:51.916" endtime="20230326 16:06:52.280"/>
</kw>
<kw name="Sleep" library="BuiltIn">
<arg>0.5s</arg>
<doc>Pauses the test executed for the given time.</doc>
<msg timestamp="20230326 16:06:52.782" level="INFO">Slept 500 milliseconds</msg>
<status status="PASS" starttime="20230326 16:06:52.280" endtime="20230326 16:06:52.782"/>
</kw>
<status status="PASS" starttime="20230326 16:06:51.916" endtime="20230326 16:06:52.782"/>
</iter>
<status status="PASS" starttime="20230326 16:06:51.101" endtime="20230326 16:06:52.783"/>
</for>
<status status="PASS" starttime="20230326 16:06:51.081" endtime="20230326 16:06:52.783"/>
</kw>
<kw name="Page Should Not Contain Element" library="Selenium2Library">
<arg>${locator}</arg>
<doc>Verifies that element ``locator`` is not found on the current page.</doc>
<msg timestamp="20230326 16:06:52.794" level="INFO">Current page does not contain element '//button[@class='mat-focus-indicator mat-icon-button mat-button-base']'.</msg>
<status status="PASS" starttime="20230326 16:06:52.783" endtime="20230326 16:06:52.794"/>
</kw>
<kw name="Log To Console And Capture Screenshot" library="Resources">
<arg>"All Cart Items Deleted."</arg>
<kw name="Log To Console" library="BuiltIn">
<arg>${textToAssert}</arg>
<doc>Logs the given message to the console.</doc>
<status status="PASS" starttime="20230326 16:06:52.795" endtime="20230326 16:06:52.795"/>
</kw>
<kw name="Get Time" library="BuiltIn">
<var>${time}</var>
<arg>format=%H:%M:%S:%MS</arg>
<doc>Returns the given time in the requested format.</doc>
<msg timestamp="20230326 16:06:52.795" level="INFO">${time} = 2023-03-26 16:06:52</msg>
<status status="PASS" starttime="20230326 16:06:52.795" endtime="20230326 16:06:52.795"/>
</kw>
<kw name="Capture Page Screenshot" library="Selenium2Library">
<arg>Screenshot_${time}.png</arg>
<doc>Takes a screenshot of the current page and embeds it into a log file.</doc>
<msg timestamp="20230326 16:06:53.033" level="INFO" html="true">&lt;/td&gt;&lt;/tr&gt;&lt;tr&gt;&lt;td colspan="3"&gt;&lt;a href="Screenshot_2023-03-26%2016%3A06%3A52.png"&gt;&lt;img src="Screenshot_2023-03-26%2016%3A06%3A52.png" width="800px"&gt;&lt;/a&gt;</msg>
<status status="PASS" starttime="20230326 16:06:52.796" endtime="20230326 16:06:53.033"/>
</kw>
<status status="PASS" starttime="20230326 16:06:52.794" endtime="20230326 16:06:53.033"/>
</kw>
<status status="PASS" starttime="20230326 16:06:50.578" endtime="20230326 16:06:53.033"/>
</kw>
<status status="PASS" starttime="20230326 16:06:50.576" endtime="20230326 16:06:53.033"/>
</kw>
<kw name="Return Home" library="Resources">
<kw name="Wait and Click" library="Resources">
<arg>${headerbutton}</arg>
<kw name="Wait Until Page Contains Element" library="Selenium2Library">
<arg>${locator}</arg>
<doc>Waits until the element ``locator`` appears on the current page.</doc>
<status status="PASS" starttime="20230326 16:06:53.034" endtime="20230326 16:06:53.041"/>
</kw>
<kw name="Scroll Element Into View" library="Selenium2Library">
<arg>${locator}</arg>
<doc>Scrolls the element identified by ``locator`` into view.</doc>
<status status="PASS" starttime="20230326 16:06:53.041" endtime="20230326 16:06:53.306"/>
</kw>
<kw name="Click Element" library="Selenium2Library">
<arg>${locator}</arg>
<doc>Click the element identified by ``locator``.</doc>
<msg timestamp="20230326 16:06:53.308" level="INFO">Clicking element '//span[@class='mat-button-wrapper']//span[contains(text(),'OWASP Juice Shop')]'.</msg>
<status status="PASS" starttime="20230326 16:06:53.307" endtime="20230326 16:06:53.354"/>
</kw>
<status status="PASS" starttime="20230326 16:06:53.033" endtime="20230326 16:06:53.354"/>
</kw>
<status status="PASS" starttime="20230326 16:06:53.033" endtime="20230326 16:06:53.354"/>
</kw>
<status status="PASS" starttime="20230326 16:06:50.051" endtime="20230326 16:06:53.354"/>
</kw>
<kw name="Move To Address Book" library="clearAddressBook">
<kw name="Wait and Click" library="Resources">
<arg>${accountButton}</arg>
<kw name="Wait Until Page Contains Element" library="Selenium2Library">
<arg>${locator}</arg>
<doc>Waits until the element ``locator`` appears on the current page.</doc>
<status status="PASS" starttime="20230326 16:06:53.355" endtime="20230326 16:06:53.362"/>
</kw>
<kw name="Scroll Element Into View" library="Selenium2Library">
<arg>${locator}</arg>
<doc>Scrolls the element identified by ``locator`` into view.</doc>
<status status="PASS" starttime="20230326 16:06:53.363" endtime="20230326 16:06:53.687"/>
</kw>
<kw name="Click Element" library="Selenium2Library">
<arg>${locator}</arg>
<doc>Click the element identified by ``locator``.</doc>
<msg timestamp="20230326 16:06:53.687" level="INFO">Clicking element '(//span[normalize-space()='Account'])[1]'.</msg>
<status status="PASS" starttime="20230326 16:06:53.687" endtime="20230326 16:06:53.723"/>
</kw>
<status status="PASS" starttime="20230326 16:06:53.355" endtime="20230326 16:06:53.723"/>
</kw>
<kw name="Wait and Click" library="Resources">
<arg>${OPButton}</arg>
<kw name="Wait Until Page Contains Element" library="Selenium2Library">
<arg>${locator}</arg>
<doc>Waits until the element ``locator`` appears on the current page.</doc>
<status status="PASS" starttime="20230326 16:06:53.723" endtime="20230326 16:06:53.730"/>
</kw>
<kw name="Scroll Element Into View" library="Selenium2Library">
<arg>${locator}</arg>
<doc>Scrolls the element identified by ``locator`` into view.</doc>
<status status="PASS" starttime="20230326 16:06:53.731" endtime="20230326 16:06:54.004"/>
</kw>
<kw name="Click Element" library="Selenium2Library">
<arg>${locator}</arg>
<doc>Click the element identified by ``locator``.</doc>
<msg timestamp="20230326 16:06:54.005" level="INFO">Clicking element '//button[@aria-label='Show Orders and Payment Menu']//span[contains(text(),'Orders &amp; Payment')]'.</msg>
<status status="PASS" starttime="20230326 16:06:54.004" endtime="20230326 16:06:54.049"/>
</kw>
<status status="PASS" starttime="20230326 16:06:53.723" endtime="20230326 16:06:54.049"/>
</kw>
<kw name="Wait and Click" library="Resources">
<arg>${savedAddressButton}</arg>
<kw name="Wait Until Page Contains Element" library="Selenium2Library">
<arg>${locator}</arg>
<doc>Waits until the element ``locator`` appears on the current page.</doc>
<status status="PASS" starttime="20230326 16:06:54.050" endtime="20230326 16:06:54.057"/>
</kw>
<kw name="Scroll Element Into View" library="Selenium2Library">
<arg>${locator}</arg>
<doc>Scrolls the element identified by ``locator`` into view.</doc>
<status status="PASS" starttime="20230326 16:06:54.057" endtime="20230326 16:06:54.324"/>
</kw>
<kw name="Click Element" library="Selenium2Library">
<arg>${locator}</arg>
<doc>Click the element identified by ``locator``.</doc>
<msg timestamp="20230326 16:06:54.326" level="INFO">Clicking element '(//span[normalize-space()='My saved addresses'])'.</msg>
<status status="PASS" starttime="20230326 16:06:54.325" endtime="20230326 16:06:54.375"/>
</kw>
<status status="PASS" starttime="20230326 16:06:54.049" endtime="20230326 16:06:54.376"/>
</kw>
<kw name="Sleep" library="BuiltIn">
<arg>1s</arg>
<doc>Pauses the test executed for the given time.</doc>
<msg timestamp="20230326 16:06:55.378" level="INFO">Slept 1 second</msg>
<status status="PASS" starttime="20230326 16:06:54.376" endtime="20230326 16:06:55.378"/>
</kw>
<status status="PASS" starttime="20230326 16:06:53.354" endtime="20230326 16:06:55.379"/>
</kw>
<kw name="Skip If Empty" library="skipIf">
<arg>Clear Address Book</arg>
<kw name="Sleep" library="BuiltIn">
<arg>0.5s</arg>
<doc>Pauses the test executed for the given time.</doc>
<msg timestamp="20230326 16:06:55.882" level="INFO">Slept 500 milliseconds</msg>
<status status="PASS" starttime="20230326 16:06:55.380" endtime="20230326 16:06:55.882"/>
</kw>
<kw name="Run Keyword And Return Status" library="BuiltIn">
<var>${IsElementVisible}</var>
<arg>Element Should Be Visible</arg>
<arg>${deleteButton}</arg>
<doc>Runs the given keyword with given arguments and returns the status as a Boolean value.</doc>
<kw name="Element Should Be Visible" library="Selenium2Library">
<arg>${deleteButton}</arg>
<doc>Verifies that the element identified by ``locator`` is visible.</doc>
<msg timestamp="20230326 16:06:56.132" level="INFO" html="true">&lt;/td&gt;&lt;/tr&gt;&lt;tr&gt;&lt;td colspan="3"&gt;&lt;a href="selenium-screenshot-64.png"&gt;&lt;img src="selenium-screenshot-64.png" width="800px"&gt;&lt;/a&gt;</msg>
<msg timestamp="20230326 16:06:56.132" level="FAIL">Element with locator '//button[@class='mat-focus-indicator mat-icon-button mat-button-base']' not found.</msg>
<status status="FAIL" starttime="20230326 16:06:55.884" endtime="20230326 16:06:56.135"/>
</kw>
<msg timestamp="20230326 16:06:56.135" level="INFO">${IsElementVisible} = False</msg>
<status status="PASS" starttime="20230326 16:06:55.883" endtime="20230326 16:06:56.135"/>
</kw>
<kw name="Run Keyword If" library="BuiltIn">
<arg>${IsElementVisible}</arg>
<arg>${KeywordName}</arg>
<arg>ELSE</arg>
<arg>Log To Console</arg>
<arg>"Section Is Empty. No items to clear."</arg>
<doc>Runs the given keyword with the given arguments, if ``condition`` is true.</doc>
<kw name="Log To Console" library="BuiltIn">
<arg>"Section Is Empty. No items to clear."</arg>
<doc>Logs the given message to the console.</doc>
<status status="PASS" starttime="20230326 16:06:56.136" endtime="20230326 16:06:56.136"/>
</kw>
<status status="PASS" starttime="20230326 16:06:56.135" endtime="20230326 16:06:56.136"/>
</kw>
<kw name="Return Home" library="Resources">
<kw name="Wait and Click" library="Resources">
<arg>${headerbutton}</arg>
<kw name="Wait Until Page Contains Element" library="Selenium2Library">
<arg>${locator}</arg>
<doc>Waits until the element ``locator`` appears on the current page.</doc>
<status status="PASS" starttime="20230326 16:06:56.136" endtime="20230326 16:06:56.140"/>
</kw>
<kw name="Scroll Element Into View" library="Selenium2Library">
<arg>${locator}</arg>
<doc>Scrolls the element identified by ``locator`` into view.</doc>
<status status="PASS" starttime="20230326 16:06:56.140" endtime="20230326 16:06:56.401"/>
</kw>
<kw name="Click Element" library="Selenium2Library">
<arg>${locator}</arg>
<doc>Click the element identified by ``locator``.</doc>
<msg timestamp="20230326 16:06:56.403" level="INFO">Clicking element '//span[@class='mat-button-wrapper']//span[contains(text(),'OWASP Juice Shop')]'.</msg>
<status status="PASS" starttime="20230326 16:06:56.402" endtime="20230326 16:06:56.439"/>
</kw>
<status status="PASS" starttime="20230326 16:06:56.136" endtime="20230326 16:06:56.439"/>
</kw>
<status status="PASS" starttime="20230326 16:06:56.136" endtime="20230326 16:06:56.440"/>
</kw>
<status status="PASS" starttime="20230326 16:06:55.379" endtime="20230326 16:06:56.440"/>
</kw>
<kw name="Add Item(s) To Cart" library="addItemToBasket">
<arg>1</arg>
<kw name="Wait Until Page Contains Element" library="Selenium2Library">
<arg>${addtobasket}</arg>
<doc>Waits until the element ``locator`` appears on the current page.</doc>
<status status="PASS" starttime="20230326 16:06:56.440" endtime="20230326 16:06:56.874"/>
</kw>
<kw name="Get WebElements" library="Selenium2Library">
<var>${countofAddToBaskets}</var>
<arg>${addtobasket}</arg>
<doc>Returns a list of WebElement objects matching the ``locator``.</doc>
<msg timestamp="20230326 16:06:56.881" level="INFO">${countofAddToBaskets} = [&lt;selenium.webdriver.remote.webelement.WebElement (session="298519d7d5f224e1eb5f0c8101e61beb", element="0c619c3c-dd3a-4ea4-97f4-ab3216142a68")&gt;, &lt;selenium.webdriver.remote.webelement.WebElement (sessi...</msg>
<status status="PASS" starttime="20230326 16:06:56.874" endtime="20230326 16:06:56.881"/>
</kw>
<for flavor="IN RANGE">
<var>${countofAddToBasket}</var>
<value>${numberofitems}</value>
<iter>
<var name="${countofAddToBasket}">0</var>
<kw name="Wait and Click" library="Resources">
<arg>${countofAddToBaskets[${countofAddToBasket}]}</arg>
<kw name="Wait Until Page Contains Element" library="Selenium2Library">
<arg>${locator}</arg>
<doc>Waits until the element ``locator`` appears on the current page.</doc>
<status status="PASS" starttime="20230326 16:06:56.883" endtime="20230326 16:06:56.883"/>
</kw>
<kw name="Scroll Element Into View" library="Selenium2Library">
<arg>${locator}</arg>
<doc>Scrolls the element identified by ``locator`` into view.</doc>
<status status="PASS" starttime="20230326 16:06:56.883" endtime="20230326 16:06:57.158"/>
</kw>
<kw name="Click Element" library="Selenium2Library">
<arg>${locator}</arg>
<doc>Click the element identified by ``locator``.</doc>
<msg timestamp="20230326 16:06:57.160" level="INFO">Clicking element '&lt;selenium.webdriver.remote.webelement.WebElement (session="298519d7d5f224e1eb5f0c8101e61beb", element="0c619c3c-dd3a-4ea4-97f4-ab3216142a68")&gt;'.</msg>
<status status="PASS" starttime="20230326 16:06:57.158" endtime="20230326 16:06:57.196"/>
</kw>
<status status="PASS" starttime="20230326 16:06:56.882" endtime="20230326 16:06:57.196"/>
</kw>
<status status="PASS" starttime="20230326 16:06:56.881" endtime="20230326 16:06:57.196"/>
</iter>
<status status="PASS" starttime="20230326 16:06:56.881" endtime="20230326 16:06:57.196"/>
</for>
<kw name="Move To Cart" library="Resources">
<kw name="Wait and Click" library="Resources">
<arg>${movetobasket}</arg>
<kw name="Wait Until Page Contains Element" library="Selenium2Library">
<arg>${locator}</arg>
<doc>Waits until the element ``locator`` appears on the current page.</doc>
<status status="PASS" starttime="20230326 16:06:57.197" endtime="20230326 16:06:57.203"/>
</kw>
<kw name="Scroll Element Into View" library="Selenium2Library">
<arg>${locator}</arg>
<doc>Scrolls the element identified by ``locator`` into view.</doc>
<status status="PASS" starttime="20230326 16:06:57.203" endtime="20230326 16:06:57.473"/>
</kw>
<kw name="Click Element" library="Selenium2Library">
<arg>${locator}</arg>
<doc>Click the element identified by ``locator``.</doc>
<msg timestamp="20230326 16:06:57.474" level="INFO">Clicking element '//span[normalize-space()='Your Basket']'.</msg>
<status status="PASS" starttime="20230326 16:06:57.473" endtime="20230326 16:06:57.514"/>
</kw>
<status status="PASS" starttime="20230326 16:06:57.197" endtime="20230326 16:06:57.514"/>
</kw>
<status status="PASS" starttime="20230326 16:06:57.197" endtime="20230326 16:06:57.514"/>
</kw>
<kw name="Wait Until Page Contains Element" library="Selenium2Library">
<arg>${numberofItemsInCart}</arg>
<doc>Waits until the element ``locator`` appears on the current page.</doc>
<status status="PASS" starttime="20230326 16:06:57.514" endtime="20230326 16:06:57.966"/>
</kw>
<kw name="Get Element Count" library="Selenium2Library">
<var>${numberofCartItems}</var>
<arg>${numberofItemsInCart}</arg>
<doc>Returns the number of elements matching ``locator``.</doc>
<msg timestamp="20230326 16:06:57.970" level="INFO">${numberofCartItems} = 1</msg>
<status status="PASS" starttime="20230326 16:06:57.966" endtime="20230326 16:06:57.970"/>
</kw>
<kw name="Should Be Equal As Numbers" library="BuiltIn">
<arg>${numberofCartItems}</arg>
<arg>${numberofitems}</arg>
<doc>Fails if objects are unequal after converting them to real numbers.</doc>
<msg timestamp="20230326 16:06:57.971" level="INFO">Argument types are:
&lt;class 'int'&gt;
&lt;class 'str'&gt;</msg>
<status status="PASS" starttime="20230326 16:06:57.971" endtime="20230326 16:06:57.971"/>
</kw>
<kw name="Log To Console And Capture Screenshot" library="Resources">
<arg>"${numberofitems} Item(s) Added Successfully."</arg>
<kw name="Log To Console" library="BuiltIn">
<arg>${textToAssert}</arg>
<doc>Logs the given message to the console.</doc>
<status status="PASS" starttime="20230326 16:06:57.971" endtime="20230326 16:06:57.971"/>
</kw>
<kw name="Get Time" library="BuiltIn">
<var>${time}</var>
<arg>format=%H:%M:%S:%MS</arg>
<doc>Returns the given time in the requested format.</doc>
<msg timestamp="20230326 16:06:57.971" level="INFO">${time} = 2023-03-26 16:06:57</msg>
<status status="PASS" starttime="20230326 16:06:57.971" endtime="20230326 16:06:57.971"/>
</kw>
<kw name="Capture Page Screenshot" library="Selenium2Library">
<arg>Screenshot_${time}.png</arg>
<doc>Takes a screenshot of the current page and embeds it into a log file.</doc>
<msg timestamp="20230326 16:06:58.226" level="INFO" html="true">&lt;/td&gt;&lt;/tr&gt;&lt;tr&gt;&lt;td colspan="3"&gt;&lt;a href="Screenshot_2023-03-26%2016%3A06%3A57.png"&gt;&lt;img src="Screenshot_2023-03-26%2016%3A06%3A57.png" width="800px"&gt;&lt;/a&gt;</msg>
<status status="PASS" starttime="20230326 16:06:57.971" endtime="20230326 16:06:58.226"/>
</kw>
<status status="PASS" starttime="20230326 16:06:57.971" endtime="20230326 16:06:58.226"/>
</kw>
<kw name="Wait Until Element Is Enabled" library="Selenium2Library">
<arg>${checkout}</arg>
<doc>Waits until the element ``locator`` is enabled.</doc>
<status status="PASS" starttime="20230326 16:06:58.227" endtime="20230326 16:06:58.246"/>
</kw>
<kw name="Wait and Click" library="Resources">
<arg>${checkout}</arg>
<kw name="Wait Until Page Contains Element" library="Selenium2Library">
<arg>${locator}</arg>
<doc>Waits until the element ``locator`` appears on the current page.</doc>
<status status="PASS" starttime="20230326 16:06:58.247" endtime="20230326 16:06:58.251"/>
</kw>
<kw name="Scroll Element Into View" library="Selenium2Library">
<arg>${locator}</arg>
<doc>Scrolls the element identified by ``locator`` into view.</doc>
<status status="PASS" starttime="20230326 16:06:58.251" endtime="20230326 16:06:58.522"/>
</kw>
<kw name="Click Element" library="Selenium2Library">
<arg>${locator}</arg>
<doc>Click the element identified by ``locator``.</doc>
<msg timestamp="20230326 16:06:58.523" level="INFO">Clicking element '//span[normalize-space()='Checkout']'.</msg>
<status status="PASS" starttime="20230326 16:06:58.523" endtime="20230326 16:06:58.567"/>
</kw>
<status status="PASS" starttime="20230326 16:06:58.246" endtime="20230326 16:06:58.567"/>
</kw>
<kw name="Wait Until Element Is Enabled" library="Selenium2Library">
<arg>${assert}</arg>
<doc>Waits until the element ``locator`` is enabled.</doc>
<status status="PASS" starttime="20230326 16:06:58.567" endtime="20230326 16:06:58.586"/>
</kw>
<kw name="Log To Console And Capture Screenshot" library="Resources">
<arg>"Checkout Complete."</arg>
<kw name="Log To Console" library="BuiltIn">
<arg>${textToAssert}</arg>
<doc>Logs the given message to the console.</doc>
<status status="PASS" starttime="20230326 16:06:58.586" endtime="20230326 16:06:58.586"/>
</kw>
<kw name="Get Time" library="BuiltIn">
<var>${time}</var>
<arg>format=%H:%M:%S:%MS</arg>
<doc>Returns the given time in the requested format.</doc>
<msg timestamp="20230326 16:06:58.587" level="INFO">${time} = 2023-03-26 16:06:58</msg>
<status status="PASS" starttime="20230326 16:06:58.587" endtime="20230326 16:06:58.587"/>
</kw>
<kw name="Capture Page Screenshot" library="Selenium2Library">
<arg>Screenshot_${time}.png</arg>
<doc>Takes a screenshot of the current page and embeds it into a log file.</doc>
<msg timestamp="20230326 16:06:58.797" level="INFO" html="true">&lt;/td&gt;&lt;/tr&gt;&lt;tr&gt;&lt;td colspan="3"&gt;&lt;a href="Screenshot_2023-03-26%2016%3A06%3A58.png"&gt;&lt;img src="Screenshot_2023-03-26%2016%3A06%3A58.png" width="800px"&gt;&lt;/a&gt;</msg>
<status status="PASS" starttime="20230326 16:06:58.587" endtime="20230326 16:06:58.797"/>
</kw>
<status status="PASS" starttime="20230326 16:06:58.586" endtime="20230326 16:06:58.797"/>
</kw>
<status status="PASS" starttime="20230326 16:06:56.440" endtime="20230326 16:06:58.797"/>
</kw>
<kw name="Add New Address" library="address">
<kw name="Sleep" library="BuiltIn">
<arg>1s</arg>
<doc>Pauses the test executed for the given time.</doc>
<msg timestamp="20230326 16:06:59.800" level="INFO">Slept 1 second</msg>
<status status="PASS" starttime="20230326 16:06:58.798" endtime="20230326 16:06:59.801"/>
</kw>
<kw name="Wait and Click" library="Resources">
<arg>${addNewAddress}</arg>
<kw name="Wait Until Page Contains Element" library="Selenium2Library">
<arg>${locator}</arg>
<doc>Waits until the element ``locator`` appears on the current page.</doc>
<status status="PASS" starttime="20230326 16:06:59.802" endtime="20230326 16:06:59.814"/>
</kw>
<kw name="Scroll Element Into View" library="Selenium2Library">
<arg>${locator}</arg>
<doc>Scrolls the element identified by ``locator`` into view.</doc>
<status status="PASS" starttime="20230326 16:06:59.814" endtime="20230326 16:07:00.082"/>
</kw>
<kw name="Click Element" library="Selenium2Library">
<arg>${locator}</arg>
<doc>Click the element identified by ``locator``.</doc>
<msg timestamp="20230326 16:07:00.083" level="INFO">Clicking element '//span[normalize-space()='Add New Address']'.</msg>
<status status="PASS" starttime="20230326 16:07:00.082" endtime="20230326 16:07:00.164"/>
</kw>
<status status="PASS" starttime="20230326 16:06:59.801" endtime="20230326 16:07:00.164"/>
</kw>
<kw name="Wait Until Element Is Enabled" library="Selenium2Library">
<arg>${countrypath}</arg>
<doc>Waits until the element ``locator`` is enabled.</doc>
<status status="PASS" starttime="20230326 16:07:00.164" endtime="20230326 16:07:00.188"/>
</kw>
<kw name="Clear and Input" library="Resources">
<arg>${countrypath}</arg>
<arg>${country}</arg>
<kw name="Scroll Element Into View" library="Selenium2Library">
<arg>${locator}</arg>
<doc>Scrolls the element identified by ``locator`` into view.</doc>
<status status="PASS" starttime="20230326 16:07:00.189" endtime="20230326 16:07:00.456"/>
</kw>
<kw name="Clear Element Text" library="Selenium2Library">
<arg>${locator}</arg>
<doc>Clears the value of the text-input-element identified by ``locator``.</doc>
<status status="PASS" starttime="20230326 16:07:00.456" endtime="20230326 16:07:00.486"/>
</kw>
<kw name="Input Text" library="Selenium2Library">
<arg>${locator}</arg>
<arg>${texttoenter}</arg>
<doc>Types the given ``text`` into the text field identified by ``locator``.</doc>
<msg timestamp="20230326 16:07:00.486" level="INFO">Typing text 'Thailand' into text field '//input[@placeholder='Please provide a country.']'.</msg>
<status status="PASS" starttime="20230326 16:07:00.486" endtime="20230326 16:07:00.540"/>
</kw>
<status status="PASS" starttime="20230326 16:07:00.188" endtime="20230326 16:07:00.540"/>
</kw>
<kw name="Clear and Input" library="Resources">
<arg>${namepath}</arg>
<arg>${name}</arg>
<kw name="Scroll Element Into View" library="Selenium2Library">
<arg>${locator}</arg>
<doc>Scrolls the element identified by ``locator`` into view.</doc>
<status status="PASS" starttime="20230326 16:07:00.540" endtime="20230326 16:07:00.804"/>
</kw>
<kw name="Clear Element Text" library="Selenium2Library">
<arg>${locator}</arg>
<doc>Clears the value of the text-input-element identified by ``locator``.</doc>
<status status="PASS" starttime="20230326 16:07:00.805" endtime="20230326 16:07:00.827"/>
</kw>
<kw name="Input Text" library="Selenium2Library">
<arg>${locator}</arg>
<arg>${texttoenter}</arg>
<doc>Types the given ``text`` into the text field identified by ``locator``.</doc>
<msg timestamp="20230326 16:07:00.828" level="INFO">Typing text 'Gowtham Kolampaka' into text field '//input[@placeholder="Please provide a name."]'.</msg>
<status status="PASS" starttime="20230326 16:07:00.827" endtime="20230326 16:07:00.889"/>
</kw>
<status status="PASS" starttime="20230326 16:07:00.540" endtime="20230326 16:07:00.889"/>
</kw>
<kw name="Clear and Input" library="Resources">
<arg>${numberpath}</arg>
<arg>${mobilenumber}</arg>
<kw name="Scroll Element Into View" library="Selenium2Library">
<arg>${locator}</arg>
<doc>Scrolls the element identified by ``locator`` into view.</doc>
<status status="PASS" starttime="20230326 16:07:00.889" endtime="20230326 16:07:01.157"/>
</kw>
<kw name="Clear Element Text" library="Selenium2Library">
<arg>${locator}</arg>
<doc>Clears the value of the text-input-element identified by ``locator``.</doc>
<status status="PASS" starttime="20230326 16:07:01.157" endtime="20230326 16:07:01.198"/>
</kw>
<kw name="Input Text" library="Selenium2Library">
<arg>${locator}</arg>
<arg>${texttoenter}</arg>
<doc>Types the given ``text`` into the text field identified by ``locator``.</doc>
<msg timestamp="20230326 16:07:01.198" level="INFO">Typing text '9898989898' into text field '//input[@placeholder='Please provide a mobile number.']'.</msg>
<status status="PASS" starttime="20230326 16:07:01.198" endtime="20230326 16:07:01.250"/>
</kw>
<status status="PASS" starttime="20230326 16:07:00.889" endtime="20230326 16:07:01.250"/>
</kw>
<kw name="Clear and Input" library="Resources">
<arg>${ZIPpath}</arg>
<arg>${zipcode}</arg>
<kw name="Scroll Element Into View" library="Selenium2Library">
<arg>${locator}</arg>
<doc>Scrolls the element identified by ``locator`` into view.</doc>
<status status="PASS" starttime="20230326 16:07:01.250" endtime="20230326 16:07:01.525"/>
</kw>
<kw name="Clear Element Text" library="Selenium2Library">
<arg>${locator}</arg>
<doc>Clears the value of the text-input-element identified by ``locator``.</doc>
<status status="PASS" starttime="20230326 16:07:01.525" endtime="20230326 16:07:01.562"/>
</kw>
<kw name="Input Text" library="Selenium2Library">
<arg>${locator}</arg>
<arg>${texttoenter}</arg>
<doc>Types the given ``text`` into the text field identified by ``locator``.</doc>
<msg timestamp="20230326 16:07:01.563" level="INFO">Typing text '10000' into text field '//input[@placeholder='Please provide a ZIP code.']'.</msg>
<status status="PASS" starttime="20230326 16:07:01.562" endtime="20230326 16:07:01.611"/>
</kw>
<status status="PASS" starttime="20230326 16:07:01.250" endtime="20230326 16:07:01.611"/>
</kw>
<kw name="Clear and Input" library="Resources">
<arg>${Addresspath}</arg>
<arg>${address}</arg>
<kw name="Scroll Element Into View" library="Selenium2Library">
<arg>${locator}</arg>
<doc>Scrolls the element identified by ``locator`` into view.</doc>
<status status="PASS" starttime="20230326 16:07:01.611" endtime="20230326 16:07:01.889"/>
</kw>
<kw name="Clear Element Text" library="Selenium2Library">
<arg>${locator}</arg>
<doc>Clears the value of the text-input-element identified by ``locator``.</doc>
<status status="PASS" starttime="20230326 16:07:01.889" endtime="20230326 16:07:01.920"/>
</kw>
<kw name="Input Text" library="Selenium2Library">
<arg>${locator}</arg>
<arg>${texttoenter}</arg>
<doc>Types the given ``text`` into the text field identified by ``locator``.</doc>
<msg timestamp="20230326 16:07:01.920" level="INFO">Typing text 'Asoke' into text field '//textarea[@placeholder='Please provide an address.']'.</msg>
<status status="PASS" starttime="20230326 16:07:01.920" endtime="20230326 16:07:01.973"/>
</kw>
<status status="PASS" starttime="20230326 16:07:01.611" endtime="20230326 16:07:01.973"/>
</kw>
<kw name="Clear and Input" library="Resources">
<arg>${Citypath}</arg>
<arg>${city}</arg>
<kw name="Scroll Element Into View" library="Selenium2Library">
<arg>${locator}</arg>
<doc>Scrolls the element identified by ``locator`` into view.</doc>
<status status="PASS" starttime="20230326 16:07:01.973" endtime="20230326 16:07:02.258"/>
</kw>
<kw name="Clear Element Text" library="Selenium2Library">
<arg>${locator}</arg>
<doc>Clears the value of the text-input-element identified by ``locator``.</doc>
<status status="PASS" starttime="20230326 16:07:02.258" endtime="20230326 16:07:02.294"/>
</kw>
<kw name="Input Text" library="Selenium2Library">
<arg>${locator}</arg>
<arg>${texttoenter}</arg>
<doc>Types the given ``text`` into the text field identified by ``locator``.</doc>
<msg timestamp="20230326 16:07:02.295" level="INFO">Typing text 'Phra Khanong' into text field '//input[@placeholder='Please provide a city.']'.</msg>
<status status="PASS" starttime="20230326 16:07:02.295" endtime="20230326 16:07:02.353"/>
</kw>
<status status="PASS" starttime="20230326 16:07:01.973" endtime="20230326 16:07:02.353"/>
</kw>
<kw name="Clear and Input" library="Resources">
<arg>${Statepath}</arg>
<arg>${state}</arg>
<kw name="Scroll Element Into View" library="Selenium2Library">
<arg>${locator}</arg>
<doc>Scrolls the element identified by ``locator`` into view.</doc>
<status status="PASS" starttime="20230326 16:07:02.353" endtime="20230326 16:07:02.625"/>
</kw>
<kw name="Clear Element Text" library="Selenium2Library">
<arg>${locator}</arg>
<doc>Clears the value of the text-input-element identified by ``locator``.</doc>
<status status="PASS" starttime="20230326 16:07:02.626" endtime="20230326 16:07:02.663"/>
</kw>
<kw name="Input Text" library="Selenium2Library">
<arg>${locator}</arg>
<arg>${texttoenter}</arg>
<doc>Types the given ``text`` into the text field identified by ``locator``.</doc>
<msg timestamp="20230326 16:07:02.664" level="INFO">Typing text 'Bangkok' into text field '//input[@placeholder='Please provide a state.']'.</msg>
<status status="PASS" starttime="20230326 16:07:02.664" endtime="20230326 16:07:02.714"/>
</kw>
<status status="PASS" starttime="20230326 16:07:02.353" endtime="20230326 16:07:02.714"/>
</kw>
<kw name="Wait and Click" library="Resources">
<arg>${SubmitButttonpath}</arg>
<kw name="Wait Until Page Contains Element" library="Selenium2Library">
<arg>${locator}</arg>
<doc>Waits until the element ``locator`` appears on the current page.</doc>
<status status="PASS" starttime="20230326 16:07:02.714" endtime="20230326 16:07:02.722"/>
</kw>
<kw name="Scroll Element Into View" library="Selenium2Library">
<arg>${locator}</arg>
<doc>Scrolls the element identified by ``locator`` into view.</doc>
<status status="PASS" starttime="20230326 16:07:02.722" endtime="20230326 16:07:02.990"/>
</kw>
<kw name="Click Element" library="Selenium2Library">
<arg>${locator}</arg>
<doc>Click the element identified by ``locator``.</doc>
<msg timestamp="20230326 16:07:02.992" level="INFO">Clicking element '//button[@id='submitButton']//span[@class='mat-button-wrapper']'.</msg>
<status status="PASS" starttime="20230326 16:07:02.991" endtime="20230326 16:07:03.535"/>
</kw>
<status status="PASS" starttime="20230326 16:07:02.714" endtime="20230326 16:07:03.535"/>
</kw>
<kw name="Page Should Not Contain Element" library="Selenium2Library">
<arg>${addNewAddress}</arg>
<doc>Verifies that element ``locator`` is not found on the current page.</doc>
<msg timestamp="20230326 16:07:03.542" level="INFO">Current page does not contain element '//span[normalize-space()='Add New Address']'.</msg>
<status status="PASS" starttime="20230326 16:07:03.535" endtime="20230326 16:07:03.542"/>
</kw>
<kw name="Log To Console And Capture Screenshot" library="Resources">
<arg>"Address Added Succesfully."</arg>
<kw name="Log To Console" library="BuiltIn">
<arg>${textToAssert}</arg>
<doc>Logs the given message to the console.</doc>
<status status="PASS" starttime="20230326 16:07:03.543" endtime="20230326 16:07:03.543"/>
</kw>
<kw name="Get Time" library="BuiltIn">
<var>${time}</var>
<arg>format=%H:%M:%S:%MS</arg>
<doc>Returns the given time in the requested format.</doc>
<msg timestamp="20230326 16:07:03.543" level="INFO">${time} = 2023-03-26 16:07:03</msg>
<status status="PASS" starttime="20230326 16:07:03.543" endtime="20230326 16:07:03.543"/>
</kw>
<kw name="Capture Page Screenshot" library="Selenium2Library">
<arg>Screenshot_${time}.png</arg>
<doc>Takes a screenshot of the current page and embeds it into a log file.</doc>
<msg timestamp="20230326 16:07:03.774" level="INFO" html="true">&lt;/td&gt;&lt;/tr&gt;&lt;tr&gt;&lt;td colspan="3"&gt;&lt;a href="Screenshot_2023-03-26%2016%3A07%3A03.png"&gt;&lt;img src="Screenshot_2023-03-26%2016%3A07%3A03.png" width="800px"&gt;&lt;/a&gt;</msg>
<status status="PASS" starttime="20230326 16:07:03.543" endtime="20230326 16:07:03.774"/>
</kw>
<status status="PASS" starttime="20230326 16:07:03.542" endtime="20230326 16:07:03.775"/>
</kw>
<status status="PASS" starttime="20230326 16:06:58.798" endtime="20230326 16:07:03.775"/>
</kw>
<kw name="Select Address" library="address">
<kw name="Wait and Click" library="Resources">
<arg>//mat-row[1]//mat-cell[1]</arg>
<kw name="Wait Until Page Contains Element" library="Selenium2Library">
<arg>${locator}</arg>
<doc>Waits until the element ``locator`` appears on the current page.</doc>
<status status="PASS" starttime="20230326 16:07:03.775" endtime="20230326 16:07:04.229"/>
</kw>
<kw name="Scroll Element Into View" library="Selenium2Library">
<arg>${locator}</arg>
<doc>Scrolls the element identified by ``locator`` into view.</doc>
<status status="PASS" starttime="20230326 16:07:04.229" endtime="20230326 16:07:04.509"/>
</kw>
<kw name="Click Element" library="Selenium2Library">
<arg>${locator}</arg>
<doc>Click the element identified by ``locator``.</doc>
<msg timestamp="20230326 16:07:04.511" level="INFO">Clicking element '//mat-row[1]//mat-cell[1]'.</msg>
<status status="PASS" starttime="20230326 16:07:04.509" endtime="20230326 16:07:04.547"/>
</kw>
<status status="PASS" starttime="20230326 16:07:03.775" endtime="20230326 16:07:04.547"/>
</kw>
<kw name="Wait and Click" library="Resources">
<arg>//span[normalize-space()='Continue']</arg>
<kw name="Wait Until Page Contains Element" library="Selenium2Library">
<arg>${locator}</arg>
<doc>Waits until the element ``locator`` appears on the current page.</doc>
<status status="PASS" starttime="20230326 16:07:04.547" endtime="20230326 16:07:04.556"/>
</kw>
<kw name="Scroll Element Into View" library="Selenium2Library">
<arg>${locator}</arg>
<doc>Scrolls the element identified by ``locator`` into view.</doc>
<status status="PASS" starttime="20230326 16:07:04.556" endtime="20230326 16:07:04.822"/>
</kw>
<kw name="Click Element" library="Selenium2Library">
<arg>${locator}</arg>
<doc>Click the element identified by ``locator``.</doc>
<msg timestamp="20230326 16:07:04.823" level="INFO">Clicking element '//span[normalize-space()='Continue']'.</msg>
<status status="PASS" starttime="20230326 16:07:04.822" endtime="20230326 16:07:04.873"/>
</kw>
<status status="PASS" starttime="20230326 16:07:04.547" endtime="20230326 16:07:04.874"/>
</kw>
<kw name="Page Should Not Contain Element" library="Selenium2Library">
<arg>${assertElement}</arg>
<doc>Verifies that element ``locator`` is not found on the current page.</doc>
<msg timestamp="20230326 16:07:04.884" level="INFO">Current page does not contain element '//span[normalize-space()='Pay using wallet']'.</msg>
<status status="PASS" starttime="20230326 16:07:04.874" endtime="20230326 16:07:04.884"/>
</kw>
<kw name="Log To Console And Capture Screenshot" library="Resources">
<arg>"Address Selected Successfully."</arg>
<kw name="Log To Console" library="BuiltIn">
<arg>${textToAssert}</arg>
<doc>Logs the given message to the console.</doc>
<status status="PASS" starttime="20230326 16:07:04.885" endtime="20230326 16:07:04.885"/>
</kw>
<kw name="Get Time" library="BuiltIn">
<var>${time}</var>
<arg>format=%H:%M:%S:%MS</arg>
<doc>Returns the given time in the requested format.</doc>
<msg timestamp="20230326 16:07:04.885" level="INFO">${time} = 2023-03-26 16:07:04</msg>
<status status="PASS" starttime="20230326 16:07:04.885" endtime="20230326 16:07:04.885"/>
</kw>
<kw name="Capture Page Screenshot" library="Selenium2Library">
<arg>Screenshot_${time}.png</arg>
<doc>Takes a screenshot of the current page and embeds it into a log file.</doc>
<msg timestamp="20230326 16:07:05.106" level="INFO" html="true">&lt;/td&gt;&lt;/tr&gt;&lt;tr&gt;&lt;td colspan="3"&gt;&lt;a href="Screenshot_2023-03-26%2016%3A07%3A04.png"&gt;&lt;img src="Screenshot_2023-03-26%2016%3A07%3A04.png" width="800px"&gt;&lt;/a&gt;</msg>
<status status="PASS" starttime="20230326 16:07:04.885" endtime="20230326 16:07:05.106"/>
</kw>
<status status="PASS" starttime="20230326 16:07:04.885" endtime="20230326 16:07:05.106"/>
</kw>
<status status="PASS" starttime="20230326 16:07:03.775" endtime="20230326 16:07:05.106"/>
</kw>
<kw name="Select Delivery" library="delivery">
<kw name="Wait and Click" library="Resources">
<arg>//mat-row[1]//mat-cell[1]</arg>
<kw name="Wait Until Page Contains Element" library="Selenium2Library">
<arg>${locator}</arg>
<doc>Waits until the element ``locator`` appears on the current page.</doc>
<status status="PASS" starttime="20230326 16:07:05.107" endtime="20230326 16:07:05.185"/>
</kw>
<kw name="Scroll Element Into View" library="Selenium2Library">
<arg>${locator}</arg>
<doc>Scrolls the element identified by ``locator`` into view.</doc>
<status status="PASS" starttime="20230326 16:07:05.185" endtime="20230326 16:07:05.457"/>
</kw>
<kw name="Click Element" library="Selenium2Library">
<arg>${locator}</arg>
<doc>Click the element identified by ``locator``.</doc>
<msg timestamp="20230326 16:07:05.459" level="INFO">Clicking element '//mat-row[1]//mat-cell[1]'.</msg>
<status status="PASS" starttime="20230326 16:07:05.457" endtime="20230326 16:07:05.493"/>
</kw>
<status status="PASS" starttime="20230326 16:07:05.107" endtime="20230326 16:07:05.493"/>
</kw>
<kw name="Wait and Click" library="Resources">
<arg>//span[normalize-space()='Continue']</arg>
<kw name="Wait Until Page Contains Element" library="Selenium2Library">
<arg>${locator}</arg>
<doc>Waits until the element ``locator`` appears on the current page.</doc>
<status status="PASS" starttime="20230326 16:07:05.493" endtime="20230326 16:07:05.499"/>
</kw>
<kw name="Scroll Element Into View" library="Selenium2Library">
<arg>${locator}</arg>
<doc>Scrolls the element identified by ``locator`` into view.</doc>
<status status="PASS" starttime="20230326 16:07:05.499" endtime="20230326 16:07:05.773"/>
</kw>
<kw name="Click Element" library="Selenium2Library">
<arg>${locator}</arg>
<doc>Click the element identified by ``locator``.</doc>
<msg timestamp="20230326 16:07:05.774" level="INFO">Clicking element '//span[normalize-space()='Continue']'.</msg>
<status status="PASS" starttime="20230326 16:07:05.773" endtime="20230326 16:07:05.939"/>
</kw>
<status status="PASS" starttime="20230326 16:07:05.493" endtime="20230326 16:07:05.940"/>
</kw>
<kw name="Page Should Contain Element" library="Selenium2Library">
<arg>${assertElement}</arg>
<doc>Verifies that element ``locator`` is found on the current page.</doc>
<msg timestamp="20230326 16:07:05.945" level="INFO">Current page contains element '//span[normalize-space()='Pay using wallet']'.</msg>
<status status="PASS" starttime="20230326 16:07:05.940" endtime="20230326 16:07:05.945"/>
</kw>
<kw name="Log To Console And Capture Screenshot" library="Resources">
<arg>"Delivery Selected Successfully".</arg>
<kw name="Log To Console" library="BuiltIn">
<arg>${textToAssert}</arg>
<doc>Logs the given message to the console.</doc>
<status status="PASS" starttime="20230326 16:07:05.945" endtime="20230326 16:07:05.945"/>
</kw>
<kw name="Get Time" library="BuiltIn">
<var>${time}</var>
<arg>format=%H:%M:%S:%MS</arg>
<doc>Returns the given time in the requested format.</doc>
<msg timestamp="20230326 16:07:05.945" level="INFO">${time} = 2023-03-26 16:07:05</msg>
<status status="PASS" starttime="20230326 16:07:05.945" endtime="20230326 16:07:05.945"/>
</kw>
<kw name="Capture Page Screenshot" library="Selenium2Library">
<arg>Screenshot_${time}.png</arg>
<doc>Takes a screenshot of the current page and embeds it into a log file.</doc>
<msg timestamp="20230326 16:07:06.196" level="INFO" html="true">&lt;/td&gt;&lt;/tr&gt;&lt;tr&gt;&lt;td colspan="3"&gt;&lt;a href="Screenshot_2023-03-26%2016%3A07%3A05.png"&gt;&lt;img src="Screenshot_2023-03-26%2016%3A07%3A05.png" width="800px"&gt;&lt;/a&gt;</msg>
<status status="PASS" starttime="20230326 16:07:05.945" endtime="20230326 16:07:06.196"/>
</kw>
<status status="PASS" starttime="20230326 16:07:05.945" endtime="20230326 16:07:06.196"/>
</kw>
<status status="PASS" starttime="20230326 16:07:05.107" endtime="20230326 16:07:06.196"/>
</kw>
<kw name="closeTest" library="Resources" type="TEARDOWN">
<kw name="Close All Browsers" library="Selenium2Library">
<doc>Closes all open browsers and resets the browser cache.</doc>
<status status="PASS" starttime="20230326 16:07:06.197" endtime="20230326 16:07:06.271"/>
</kw>
<status status="PASS" starttime="20230326 16:07:06.197" endtime="20230326 16:07:06.271"/>
</kw>
<tag>Salary Hero QA Challenge</tag>
<status status="PASS" starttime="20230326 16:06:38.437" endtime="20230326 16:07:06.271"/>
</test>
<test id="s1-t2" name="Test Case 2: Add 2 items to the basket." line="32">
<kw name="startTest" library="Resources" type="SETUP">
<kw name="Open Browser" library="Selenium2Library">
<arg>${url}</arg>
<arg>${browser}</arg>
<doc>Opens a new browser instance to the optional ``url``.</doc>
<msg timestamp="20230326 16:07:06.272" level="INFO">Opening browser 'chrome' to base url 'https://salaryhero-qa-challenge.herokuapp.com/#/'.</msg>
<status status="PASS" starttime="20230326 16:07:06.272" endtime="20230326 16:07:13.819"/>
</kw>
<kw name="Maximize Browser Window" library="Selenium2Library">
<doc>Maximizes current browser window.</doc>
<status status="PASS" starttime="20230326 16:07:13.819" endtime="20230326 16:07:14.236"/>
</kw>
<kw name="Wait and Click" library="Resources">
<arg>${dismiss}</arg>
<kw name="Wait Until Page Contains Element" library="Selenium2Library">
<arg>${locator}</arg>
<doc>Waits until the element ``locator`` appears on the current page.</doc>
<status status="PASS" starttime="20230326 16:07:14.237" endtime="20230326 16:07:14.246"/>
</kw>
<kw name="Scroll Element Into View" library="Selenium2Library">
<arg>${locator}</arg>
<doc>Scrolls the element identified by ``locator`` into view.</doc>
<status status="PASS" starttime="20230326 16:07:14.246" endtime="20230326 16:07:14.524"/>
</kw>
<kw name="Click Element" library="Selenium2Library">
<arg>${locator}</arg>
<doc>Click the element identified by ``locator``.</doc>
<msg timestamp="20230326 16:07:14.525" level="INFO">Clicking element '//span[normalize-space()='Dismiss']'.</msg>
<status status="PASS" starttime="20230326 16:07:14.524" endtime="20230326 16:07:14.567"/>
</kw>
<status status="PASS" starttime="20230326 16:07:14.236" endtime="20230326 16:07:14.567"/>
</kw>
<kw name="Wait and Click" library="Resources">
<arg>${cookieDismiss}</arg>
<kw name="Wait Until Page Contains Element" library="Selenium2Library">
<arg>${locator}</arg>
<doc>Waits until the element ``locator`` appears on the current page.</doc>
<status status="PASS" starttime="20230326 16:07:14.568" endtime="20230326 16:07:14.576"/>
</kw>
<kw name="Scroll Element Into View" library="Selenium2Library">
<arg>${locator}</arg>
<doc>Scrolls the element identified by ``locator`` into view.</doc>
<status status="PASS" starttime="20230326 16:07:14.576" endtime="20230326 16:07:14.839"/>
</kw>
<kw name="Click Element" library="Selenium2Library">
<arg>${locator}</arg>
<doc>Click the element identified by ``locator``.</doc>
<msg timestamp="20230326 16:07:14.840" level="INFO">Clicking element '//a[@aria-label='dismiss cookie message']'.</msg>
<status status="PASS" starttime="20230326 16:07:14.840" endtime="20230326 16:07:14.876"/>
</kw>
<status status="PASS" starttime="20230326 16:07:14.567" endtime="20230326 16:07:14.876"/>
</kw>
<status status="PASS" starttime="20230326 16:07:06.271" endtime="20230326 16:07:14.876"/>
</kw>
<kw name="Login To The Website" library="loginWebsite">
<kw name="Wait and Click" library="Resources">
<arg>${account}</arg>
<kw name="Wait Until Page Contains Element" library="Selenium2Library">
<arg>${locator}</arg>
<doc>Waits until the element ``locator`` appears on the current page.</doc>
<status status="PASS" starttime="20230326 16:07:14.877" endtime="20230326 16:07:14.885"/>
</kw>
<kw name="Scroll Element Into View" library="Selenium2Library">
<arg>${locator}</arg>
<doc>Scrolls the element identified by ``locator`` into view.</doc>
<status status="PASS" starttime="20230326 16:07:14.885" endtime="20230326 16:07:15.158"/>
</kw>
<kw name="Click Element" library="Selenium2Library">
<arg>${locator}</arg>
<doc>Click the element identified by ``locator``.</doc>
<msg timestamp="20230326 16:07:15.160" level="INFO">Clicking element '//span[normalize-space()='Account']'.</msg>
<status status="PASS" starttime="20230326 16:07:15.159" endtime="20230326 16:07:15.207"/>
</kw>
<status status="PASS" starttime="20230326 16:07:14.876" endtime="20230326 16:07:15.207"/>
</kw>
<kw name="Wait and Click" library="Resources">
<arg>${getToLogin}</arg>
<kw name="Wait Until Page Contains Element" library="Selenium2Library">
<arg>${locator}</arg>
<doc>Waits until the element ``locator`` appears on the current page.</doc>
<status status="PASS" starttime="20230326 16:07:15.208" endtime="20230326 16:07:15.215"/>
</kw>
<kw name="Scroll Element Into View" library="Selenium2Library">
<arg>${locator}</arg>
<doc>Scrolls the element identified by ``locator`` into view.</doc>
<status status="PASS" starttime="20230326 16:07:15.215" endtime="20230326 16:07:15.490"/>
</kw>
<kw name="Click Element" library="Selenium2Library">
<arg>${locator}</arg>
<doc>Click the element identified by ``locator``.</doc>
<msg timestamp="20230326 16:07:15.492" level="INFO">Clicking element '//button[@id='navbarLoginButton']//span[contains(text(),'Login')]'.</msg>
<status status="PASS" starttime="20230326 16:07:15.491" endtime="20230326 16:07:15.579"/>
</kw>
<status status="PASS" starttime="20230326 16:07:15.207" endtime="20230326 16:07:15.580"/>
</kw>
<kw name="Clear and Input" library="Resources">
<arg>${emailBox}</arg>
<arg>${email}</arg>
<kw name="Scroll Element Into View" library="Selenium2Library">
<arg>${locator}</arg>
<doc>Scrolls the element identified by ``locator`` into view.</doc>
<status status="PASS" starttime="20230326 16:07:15.580" endtime="20230326 16:07:15.854"/>
</kw>
<kw name="Clear Element Text" library="Selenium2Library">
<arg>${locator}</arg>
<doc>Clears the value of the text-input-element identified by ``locator``.</doc>
<status status="PASS" starttime="20230326 16:07:15.855" endtime="20230326 16:07:15.889"/>
</kw>
<kw name="Input Text" library="Selenium2Library">
<arg>${locator}</arg>
<arg>${texttoenter}</arg>
<doc>Types the given ``text`` into the text field identified by ``locator``.</doc>
<msg timestamp="20230326 16:07:15.889" level="INFO">Typing text 'qachallenge@salaryhero.com' into text field '//input[@id='email']'.</msg>
<status status="PASS" starttime="20230326 16:07:15.889" endtime="20230326 16:07:16.035"/>
</kw>
<status status="PASS" starttime="20230326 16:07:15.580" endtime="20230326 16:07:16.035"/>
</kw>
<kw name="Clear and Input" library="Resources">
<arg>${passwordBox}</arg>
<arg>${password}</arg>
<kw name="Scroll Element Into View" library="Selenium2Library">
<arg>${locator}</arg>
<doc>Scrolls the element identified by ``locator`` into view.</doc>
<status status="PASS" starttime="20230326 16:07:16.036" endtime="20230326 16:07:16.309"/>
</kw>
<kw name="Clear Element Text" library="Selenium2Library">
<arg>${locator}</arg>
<doc>Clears the value of the text-input-element identified by ``locator``.</doc>
<status status="PASS" starttime="20230326 16:07:16.309" endtime="20230326 16:07:16.345"/>
</kw>
<kw name="Input Text" library="Selenium2Library">
<arg>${locator}</arg>
<arg>${texttoenter}</arg>
<doc>Types the given ``text`` into the text field identified by ``locator``.</doc>
<msg timestamp="20230326 16:07:16.346" level="INFO">Typing text 'QAChallenge' into text field '//input[@id='password']'.</msg>
<status status="PASS" starttime="20230326 16:07:16.345" endtime="20230326 16:07:16.396"/>
</kw>
<status status="PASS" starttime="20230326 16:07:16.035" endtime="20230326 16:07:16.396"/>
</kw>
<kw name="Wait and Click" library="Resources">
<arg>${login}</arg>
<kw name="Wait Until Page Contains Element" library="Selenium2Library">
<arg>${locator}</arg>
<doc>Waits until the element ``locator`` appears on the current page.</doc>
<status status="PASS" starttime="20230326 16:07:16.396" endtime="20230326 16:07:16.404"/>
</kw>
<kw name="Scroll Element Into View" library="Selenium2Library">
<arg>${locator}</arg>
<doc>Scrolls the element identified by ``locator`` into view.</doc>
<status status="PASS" starttime="20230326 16:07:16.404" endtime="20230326 16:07:16.671"/>
</kw>
<kw name="Click Element" library="Selenium2Library">
<arg>${locator}</arg>
<doc>Click the element identified by ``locator``.</doc>
<msg timestamp="20230326 16:07:16.671" level="INFO">Clicking element '//button[@id='loginButton']//span[@class='mat-button-wrapper']'.</msg>
<status status="PASS" starttime="20230326 16:07:16.671" endtime="20230326 16:07:16.710"/>
</kw>
<status status="PASS" starttime="20230326 16:07:16.396" endtime="20230326 16:07:16.710"/>
</kw>
<kw name="Wait Until Page Contains Element" library="Selenium2Library">
<arg>${basketAssert}</arg>
<doc>Waits until the element ``locator`` appears on the current page.</doc>
<status status="PASS" starttime="20230326 16:07:16.710" endtime="20230326 16:07:17.150"/>
</kw>
<kw name="Log To Console And Capture Screenshot" library="Resources">
<arg>"Login Successful"</arg>
<kw name="Log To Console" library="BuiltIn">
<arg>${textToAssert}</arg>
<doc>Logs the given message to the console.</doc>
<status status="PASS" starttime="20230326 16:07:17.151" endtime="20230326 16:07:17.151"/>
</kw>
<kw name="Get Time" library="BuiltIn">
<var>${time}</var>
<arg>format=%H:%M:%S:%MS</arg>
<doc>Returns the given time in the requested format.</doc>
<msg timestamp="20230326 16:07:17.151" level="INFO">${time} = 2023-03-26 16:07:17</msg>
<status status="PASS" starttime="20230326 16:07:17.151" endtime="20230326 16:07:17.151"/>
</kw>
<kw name="Capture Page Screenshot" library="Selenium2Library">
<arg>Screenshot_${time}.png</arg>
<doc>Takes a screenshot of the current page and embeds it into a log file.</doc>
<msg timestamp="20230326 16:07:17.434" level="INFO" html="true">&lt;/td&gt;&lt;/tr&gt;&lt;tr&gt;&lt;td colspan="3"&gt;&lt;a href="Screenshot_2023-03-26%2016%3A07%3A17.png"&gt;&lt;img src="Screenshot_2023-03-26%2016%3A07%3A17.png" width="800px"&gt;&lt;/a&gt;</msg>
<status status="PASS" starttime="20230326 16:07:17.151" endtime="20230326 16:07:17.434"/>
</kw>
<status status="PASS" starttime="20230326 16:07:17.150" endtime="20230326 16:07:17.434"/>
</kw>
<status status="PASS" starttime="20230326 16:07:14.876" endtime="20230326 16:07:17.434"/>
</kw>
<kw name="Move To Cart" library="Resources">
<kw name="Wait and Click" library="Resources">
<arg>${movetobasket}</arg>
<kw name="Wait Until Page Contains Element" library="Selenium2Library">
<arg>${locator}</arg>
<doc>Waits until the element ``locator`` appears on the current page.</doc>
<status status="PASS" starttime="20230326 16:07:17.435" endtime="20230326 16:07:17.439"/>
</kw>
<kw name="Scroll Element Into View" library="Selenium2Library">
<arg>${locator}</arg>
<doc>Scrolls the element identified by ``locator`` into view.</doc>
<status status="PASS" starttime="20230326 16:07:17.439" endtime="20230326 16:07:17.707"/>
</kw>
<kw name="Click Element" library="Selenium2Library">
<arg>${locator}</arg>
<doc>Click the element identified by ``locator``.</doc>
<msg timestamp="20230326 16:07:17.708" level="INFO">Clicking element '//span[normalize-space()='Your Basket']'.</msg>
<status status="PASS" starttime="20230326 16:07:17.707" endtime="20230326 16:07:17.766"/>
</kw>
<status status="PASS" starttime="20230326 16:07:17.434" endtime="20230326 16:07:17.766"/>
</kw>
<status status="PASS" starttime="20230326 16:07:17.434" endtime="20230326 16:07:17.766"/>
</kw>
<kw name="Skip If Empty" library="skipIf">
<arg>Clear Cart</arg>
<kw name="Sleep" library="BuiltIn">
<arg>0.5s</arg>
<doc>Pauses the test executed for the given time.</doc>
<msg timestamp="20230326 16:07:18.268" level="INFO">Slept 500 milliseconds</msg>
<status status="PASS" starttime="20230326 16:07:17.766" endtime="20230326 16:07:18.268"/>
</kw>
<kw name="Run Keyword And Return Status" library="BuiltIn">
<var>${IsElementVisible}</var>
<arg>Element Should Be Visible</arg>
<arg>${deleteButton}</arg>
<doc>Runs the given keyword with given arguments and returns the status as a Boolean value.</doc>
<kw name="Element Should Be Visible" library="Selenium2Library">
<arg>${deleteButton}</arg>
<doc>Verifies that the element identified by ``locator`` is visible.</doc>
<msg timestamp="20230326 16:07:18.295" level="INFO">Element '//button[@class='mat-focus-indicator mat-icon-button mat-button-base']' is displayed.</msg>
<status status="PASS" starttime="20230326 16:07:18.268" endtime="20230326 16:07:18.295"/>
</kw>
<msg timestamp="20230326 16:07:18.295" level="INFO">${IsElementVisible} = True</msg>
<status status="PASS" starttime="20230326 16:07:18.268" endtime="20230326 16:07:18.295"/>
</kw>
<kw name="Run Keyword If" library="BuiltIn">
<arg>${IsElementVisible}</arg>
<arg>${KeywordName}</arg>
<arg>ELSE</arg>
<arg>Log To Console</arg>
<arg>"Section Is Empty. No items to clear."</arg>
<doc>Runs the given keyword with the given arguments, if ``condition`` is true.</doc>
<kw name="Clear Cart" library="removeItemsFromBasket">
<kw name="Sleep" library="BuiltIn">
<arg>0.5s</arg>
<doc>Pauses the test executed for the given time.</doc>
<msg timestamp="20230326 16:07:18.801" level="INFO">Slept 500 milliseconds</msg>
<status status="PASS" starttime="20230326 16:07:18.299" endtime="20230326 16:07:18.802"/>
</kw>
<kw name="Clear Exisitng Data" library="clearData">
<arg>${locator}</arg>
<arg>${clickelement}</arg>
<arg>${i}</arg>
<kw name="Get WebElements" library="Selenium2Library">
<var>@{numbeofitems}</var>
<arg>${locator}</arg>
<doc>Returns a list of WebElement objects matching the ``locator``.</doc>
<msg timestamp="20230326 16:07:18.814" level="INFO">@{numbeofitems} = [ &lt;selenium.webdriver.remote.webelement.WebElement (session="51020b2be379511ee6c0ebb9f0cb2df6", element="40eaaaf0-3caf-4e41-a275-277eab0a9413")&gt; ]</msg>
<status status="PASS" starttime="20230326 16:07:18.803" endtime="20230326 16:07:18.814"/>
</kw>
<kw name="Get Element Count" library="Selenium2Library">
<var>${count}</var>
<arg>${locator}</arg>
<doc>Returns the number of elements matching ``locator``.</doc>
<msg timestamp="20230326 16:07:18.821" level="INFO">${count} = 1</msg>
<status status="PASS" starttime="20230326 16:07:18.814" endtime="20230326 16:07:18.821"/>
</kw>
<kw name="Log To Console" library="BuiltIn">
<arg>"${count} item(s) found to delete."</arg>
<doc>Logs the given message to the console.</doc>
<status status="PASS" starttime="20230326 16:07:18.821" endtime="20230326 16:07:18.821"/>
</kw>
<for flavor="IN">
<var>${i}</var>
<value>@{numbeofitems}</value>
<iter>
<var name="${i}">&lt;selenium.webdriver.remote.webelement.WebElement (session="51020b2be379511ee6c0ebb9f0cb2df6", element="40eaaaf0-3caf-4e41-a275-277eab0a9413")&gt;</var>
<kw name="Wait and Click" library="Resources">
<arg>${clickelement}</arg>
<kw name="Wait Until Page Contains Element" library="Selenium2Library">
<arg>${locator}</arg>
<doc>Waits until the element ``locator`` appears on the current page.</doc>
<status status="PASS" starttime="20230326 16:07:18.821" endtime="20230326 16:07:18.831"/>
</kw>
<kw name="Scroll Element Into View" library="Selenium2Library">
<arg>${locator}</arg>
<doc>Scrolls the element identified by ``locator`` into view.</doc>
<status status="PASS" starttime="20230326 16:07:18.831" endtime="20230326 16:07:19.096"/>
</kw>
<kw name="Click Element" library="Selenium2Library">
<arg>${locator}</arg>
<doc>Click the element identified by ``locator``.</doc>
<msg timestamp="20230326 16:07:19.098" level="INFO">Clicking element '(//button[@class='mat-focus-indicator mat-icon-button mat-button-base'])[1]'.</msg>
<status status="PASS" starttime="20230326 16:07:19.096" endtime="20230326 16:07:19.134"/>
</kw>
<status status="PASS" starttime="20230326 16:07:18.821" endtime="20230326 16:07:19.134"/>
</kw>
<kw name="Sleep" library="BuiltIn">
<arg>0.5s</arg>
<doc>Pauses the test executed for the given time.</doc>
<msg timestamp="20230326 16:07:19.636" level="INFO">Slept 500 milliseconds</msg>
<status status="PASS" starttime="20230326 16:07:19.134" endtime="20230326 16:07:19.636"/>
</kw>
<status status="PASS" starttime="20230326 16:07:18.821" endtime="20230326 16:07:19.638"/>
</iter>
<status status="PASS" starttime="20230326 16:07:18.821" endtime="20230326 16:07:19.638"/>
</for>
<status status="PASS" starttime="20230326 16:07:18.802" endtime="20230326 16:07:19.638"/>
</kw>
<kw name="Page Should Not Contain Element" library="Selenium2Library">
<arg>${locator}</arg>
<doc>Verifies that element ``locator`` is not found on the current page.</doc>
<msg timestamp="20230326 16:07:19.649" level="INFO">Current page does not contain element '//button[@class='mat-focus-indicator mat-icon-button mat-button-base']'.</msg>
<status status="PASS" starttime="20230326 16:07:19.639" endtime="20230326 16:07:19.649"/>
</kw>
<kw name="Log To Console And Capture Screenshot" library="Resources">
<arg>"All Cart Items Deleted."</arg>
<kw name="Log To Console" library="BuiltIn">
<arg>${textToAssert}</arg>
<doc>Logs the given message to the console.</doc>
<status status="PASS" starttime="20230326 16:07:19.649" endtime="20230326 16:07:19.649"/>
</kw>
<kw name="Get Time" library="BuiltIn">
<var>${time}</var>
<arg>format=%H:%M:%S:%MS</arg>
<doc>Returns the given time in the requested format.</doc>
<msg timestamp="20230326 16:07:19.650" level="INFO">${time} = 2023-03-26 16:07:19</msg>
<status status="PASS" starttime="20230326 16:07:19.649" endtime="20230326 16:07:19.650"/>
</kw>
<kw name="Capture Page Screenshot" library="Selenium2Library">
<arg>Screenshot_${time}.png</arg>
<doc>Takes a screenshot of the current page and embeds it into a log file.</doc>
<msg timestamp="20230326 16:07:19.883" level="INFO" html="true">&lt;/td&gt;&lt;/tr&gt;&lt;tr&gt;&lt;td colspan="3"&gt;&lt;a href="Screenshot_2023-03-26%2016%3A07%3A19.png"&gt;&lt;img src="Screenshot_2023-03-26%2016%3A07%3A19.png" width="800px"&gt;&lt;/a&gt;</msg>
<status status="PASS" starttime="20230326 16:07:19.650" endtime="20230326 16:07:19.883"/>
</kw>
<status status="PASS" starttime="20230326 16:07:19.649" endtime="20230326 16:07:19.883"/>
</kw>
<status status="PASS" starttime="20230326 16:07:18.299" endtime="20230326 16:07:19.883"/>
</kw>
<status status="PASS" starttime="20230326 16:07:18.295" endtime="20230326 16:07:19.883"/>
</kw>
<kw name="Return Home" library="Resources">
<kw name="Wait and Click" library="Resources">
<arg>${headerbutton}</arg>
<kw name="Wait Until Page Contains Element" library="Selenium2Library">
<arg>${locator}</arg>
<doc>Waits until the element ``locator`` appears on the current page.</doc>
<status status="PASS" starttime="20230326 16:07:19.883" endtime="20230326 16:07:19.890"/>
</kw>
<kw name="Scroll Element Into View" library="Selenium2Library">
<arg>${locator}</arg>
<doc>Scrolls the element identified by ``locator`` into view.</doc>
<status status="PASS" starttime="20230326 16:07:19.890" endtime="20230326 16:07:20.152"/>
</kw>
<kw name="Click Element" library="Selenium2Library">
<arg>${locator}</arg>
<doc>Click the element identified by ``locator``.</doc>
<msg timestamp="20230326 16:07:20.154" level="INFO">Clicking element '//span[@class='mat-button-wrapper']//span[contains(text(),'OWASP Juice Shop')]'.</msg>
<status status="PASS" starttime="20230326 16:07:20.153" endtime="20230326 16:07:20.199"/>
</kw>
<status status="PASS" starttime="20230326 16:07:19.883" endtime="20230326 16:07:20.199"/>
</kw>
<status status="PASS" starttime="20230326 16:07:19.883" endtime="20230326 16:07:20.199"/>
</kw>
<status status="PASS" starttime="20230326 16:07:17.766" endtime="20230326 16:07:20.199"/>
</kw>
<kw name="Move To Address Book" library="clearAddressBook">
<kw name="Wait and Click" library="Resources">
<arg>${accountButton}</arg>
<kw name="Wait Until Page Contains Element" library="Selenium2Library">
<arg>${locator}</arg>
<doc>Waits until the element ``locator`` appears on the current page.</doc>
<status status="PASS" starttime="20230326 16:07:20.200" endtime="20230326 16:07:20.209"/>
</kw>
<kw name="Scroll Element Into View" library="Selenium2Library">
<arg>${locator}</arg>
<doc>Scrolls the element identified by ``locator`` into view.</doc>
<status status="PASS" starttime="20230326 16:07:20.209" endtime="20230326 16:07:20.494"/>
</kw>
<kw name="Click Element" library="Selenium2Library">
<arg>${locator}</arg>
<doc>Click the element identified by ``locator``.</doc>
<msg timestamp="20230326 16:07:20.495" level="INFO">Clicking element '(//span[normalize-space()='Account'])[1]'.</msg>
<status status="PASS" starttime="20230326 16:07:20.495" endtime="20230326 16:07:20.533"/>
</kw>
<status status="PASS" starttime="20230326 16:07:20.200" endtime="20230326 16:07:20.533"/>
</kw>
<kw name="Wait and Click" library="Resources">
<arg>${OPButton}</arg>
<kw name="Wait Until Page Contains Element" library="Selenium2Library">
<arg>${locator}</arg>
<doc>Waits until the element ``locator`` appears on the current page.</doc>
<status status="PASS" starttime="20230326 16:07:20.533" endtime="20230326 16:07:20.540"/>
</kw>
<kw name="Scroll Element Into View" library="Selenium2Library">
<arg>${locator}</arg>
<doc>Scrolls the element identified by ``locator`` into view.</doc>
<status status="PASS" starttime="20230326 16:07:20.540" endtime="20230326 16:07:20.807"/>
</kw>
<kw name="Click Element" library="Selenium2Library">
<arg>${locator}</arg>
<doc>Click the element identified by ``locator``.</doc>
<msg timestamp="20230326 16:07:20.808" level="INFO">Clicking element '//button[@aria-label='Show Orders and Payment Menu']//span[contains(text(),'Orders &amp; Payment')]'.</msg>
<status status="PASS" starttime="20230326 16:07:20.807" endtime="20230326 16:07:20.850"/>
</kw>
<status status="PASS" starttime="20230326 16:07:20.533" endtime="20230326 16:07:20.850"/>
</kw>
<kw name="Wait and Click" library="Resources">
<arg>${savedAddressButton}</arg>
<kw name="Wait Until Page Contains Element" library="Selenium2Library">
<arg>${locator}</arg>
<doc>Waits until the element ``locator`` appears on the current page.</doc>
<status status="PASS" starttime="20230326 16:07:20.850" endtime="20230326 16:07:20.858"/>
</kw>
<kw name="Scroll Element Into View" library="Selenium2Library">
<arg>${locator}</arg>
<doc>Scrolls the element identified by ``locator`` into view.</doc>
<status status="PASS" starttime="20230326 16:07:20.858" endtime="20230326 16:07:21.123"/>
</kw>
<kw name="Click Element" library="Selenium2Library">
<arg>${locator}</arg>
<doc>Click the element identified by ``locator``.</doc>
<msg timestamp="20230326 16:07:21.124" level="INFO">Clicking element '(//span[normalize-space()='My saved addresses'])'.</msg>
[...]
<status status="PASS" starttime="20230326 16:07:32.258" endtime="20230326 16:07:32.299"/>
</kw>
<status status="PASS" starttime="20230326 16:07:31.753" endtime="20230326 16:07:32.299"/>
</kw>
<kw name="Wait and Click" library="Resources">
<arg>//span[normalize-space()='Continue']</arg>
<kw name="Wait Until Page Contains Element" library="Selenium2Library">
<arg>${locator}</arg>
<doc>Waits until the element ``locator`` appears on the current page.</doc>
<status status="PASS" starttime="20230326 16:07:32.299" endtime="20230326 16:07:32.308"/>
</kw>
<kw name="Scroll Element Into View" library="Selenium2Library">
<arg>${locator}</arg>
<doc>Scrolls the element identified by ``locator`` into view.</doc>
<status status="PASS" starttime="20230326 16:07:32.308" endtime="20230326 16:07:32.573"/>
</kw>
<kw name="Click Element" library="Selenium2Library">
<arg>${locator}</arg>
<doc>Click the element identified by ``locator``.</doc>
<msg timestamp="20230326 16:07:32.574" level="INFO">Clicking element '//span[normalize-space()='Continue']'.</msg>
<status status="PASS" starttime="20230326 16:07:32.574" endtime="20230326 16:07:32.622"/>
</kw>
<status status="PASS" starttime="20230326 16:07:32.299" endtime="20230326 16:07:32.622"/>
</kw>
<kw name="Page Should Not Contain Element" library="Selenium2Library">
<arg>${assertElement}</arg>
<doc>Verifies that element ``locator`` is not found on the current page.</doc>
<msg timestamp="20230326 16:07:32.629" level="INFO">Current page does not contain element '//span[normalize-space()='Pay using wallet']'.</msg>
<status status="PASS" starttime="20230326 16:07:32.622" endtime="20230326 16:07:32.629"/>
</kw>
<kw name="Log To Console And Capture Screenshot" library="Resources">
<arg>"Address Selected Successfully."</arg>
<kw name="Log To Console" library="BuiltIn">
<arg>${textToAssert}</arg>
<doc>Logs the given message to the console.</doc>
<status status="PASS" starttime="20230326 16:07:32.629" endtime="20230326 16:07:32.630"/>
</kw>
<kw name="Get Time" library="BuiltIn">
<var>${time}</var>
<arg>format=%H:%M:%S:%MS</arg>
<doc>Returns the given time in the requested format.</doc>
<msg timestamp="20230326 16:07:32.630" level="INFO">${time} = 2023-03-26 16:07:32</msg>
<status status="PASS" starttime="20230326 16:07:32.630" endtime="20230326 16:07:32.630"/>
</kw>
<kw name="Capture Page Screenshot" library="Selenium2Library">
<arg>Screenshot_${time}.png</arg>
<doc>Takes a screenshot of the current page and embeds it into a log file.</doc>
<msg timestamp="20230326 16:07:32.926" level="INFO" html="true">&lt;/td&gt;&lt;/tr&gt;&lt;tr&gt;&lt;td colspan="3"&gt;&lt;a href="Screenshot_2023-03-26%2016%3A07%3A32.png"&gt;&lt;img src="Screenshot_2023-03-26%2016%3A07%3A32.png" width="800px"&gt;&lt;/a&gt;</msg>
<status status="PASS" starttime="20230326 16:07:32.630" endtime="20230326 16:07:32.926"/>
</kw>
<status status="PASS" starttime="20230326 16:07:32.629" endtime="20230326 16:07:32.927"/>
</kw>
<status status="PASS" starttime="20230326 16:07:31.753" endtime="20230326 16:07:32.927"/>
</kw>
<kw name="Select Delivery" library="delivery">
<kw name="Wait and Click" library="Resources">
<arg>//mat-row[1]//mat-cell[1]</arg>
<kw name="Wait Until Page Contains Element" library="Selenium2Library">
<arg>${locator}</arg>
<doc>Waits until the element ``locator`` appears on the current page.</doc>
<status status="PASS" starttime="20230326 16:07:32.927" endtime="20230326 16:07:32.935"/>
</kw>
<kw name="Scroll Element Into View" library="Selenium2Library">
<arg>${locator}</arg>
<doc>Scrolls the element identified by ``locator`` into view.</doc>
<status status="PASS" starttime="20230326 16:07:32.935" endtime="20230326 16:07:33.208"/>
</kw>
<kw name="Click Element" library="Selenium2Library">
<arg>${locator}</arg>
<doc>Click the element identified by ``locator``.</doc>
<msg timestamp="20230326 16:07:33.209" level="INFO">Clicking element '//mat-row[1]//mat-cell[1]'.</msg>
<status status="PASS" starttime="20230326 16:07:33.208" endtime="20230326 16:07:33.250"/>
</kw>
<status status="PASS" starttime="20230326 16:07:32.927" endtime="20230326 16:07:33.250"/>
</kw>
<kw name="Wait and Click" library="Resources">
<arg>//span[normalize-space()='Continue']</arg>
<kw name="Wait Until Page Contains Element" library="Selenium2Library">
<arg>${locator}</arg>
<doc>Waits until the element ``locator`` appears on the current page.</doc>
<status status="PASS" starttime="20230326 16:07:33.250" endtime="20230326 16:07:33.255"/>
</kw>
<kw name="Scroll Element Into View" library="Selenium2Library">
<arg>${locator}</arg>
<doc>Scrolls the element identified by ``locator`` into view.</doc>
<status status="PASS" starttime="20230326 16:07:33.255" endtime="20230326 16:07:33.521"/>
</kw>
<kw name="Click Element" library="Selenium2Library">
<arg>${locator}</arg>
<doc>Click the element identified by ``locator``.</doc>
<msg timestamp="20230326 16:07:33.522" level="INFO">Clicking element '//span[normalize-space()='Continue']'.</msg>
<status status="PASS" starttime="20230326 16:07:33.522" endtime="20230326 16:07:33.675"/>
</kw>
<status status="PASS" starttime="20230326 16:07:33.250" endtime="20230326 16:07:33.676"/>
</kw>
<kw name="Page Should Contain Element" library="Selenium2Library">
<arg>${assertElement}</arg>
<doc>Verifies that element ``locator`` is found on the current page.</doc>
<msg timestamp="20230326 16:07:33.685" level="INFO">Current page contains element '//span[normalize-space()='Pay using wallet']'.</msg>
<status status="PASS" starttime="20230326 16:07:33.676" endtime="20230326 16:07:33.685"/>
</kw>
<kw name="Log To Console And Capture Screenshot" library="Resources">
<arg>"Delivery Selected Successfully".</arg>
<kw name="Log To Console" library="BuiltIn">
<arg>${textToAssert}</arg>
<doc>Logs the given message to the console.</doc>
<status status="PASS" starttime="20230326 16:07:33.685" endtime="20230326 16:07:33.685"/>
</kw>
<kw name="Get Time" library="BuiltIn">
<var>${time}</var>
<arg>format=%H:%M:%S:%MS</arg>
<doc>Returns the given time in the requested format.</doc>
<msg timestamp="20230326 16:07:33.685" level="INFO">${time} = 2023-03-26 16:07:33</msg>
<status status="PASS" starttime="20230326 16:07:33.685" endtime="20230326 16:07:33.685"/>
</kw>
<kw name="Capture Page Screenshot" library="Selenium2Library">
<arg>Screenshot_${time}.png</arg>
<doc>Takes a screenshot of the current page and embeds it into a log file.</doc>
<msg timestamp="20230326 16:07:33.947" level="INFO" html="true">&lt;/td&gt;&lt;/tr&gt;&lt;tr&gt;&lt;td colspan="3"&gt;&lt;a href="Screenshot_2023-03-26%2016%3A07%3A33.png"&gt;&lt;img src="Screenshot_2023-03-26%2016%3A07%3A33.png" width="800px"&gt;&lt;/a&gt;</msg>
<status status="PASS" starttime="20230326 16:07:33.685" endtime="20230326 16:07:33.947"/>
</kw>
<status status="PASS" starttime="20230326 16:07:33.685" endtime="20230326 16:07:33.947"/>
</kw>
<status status="PASS" starttime="20230326 16:07:32.927" endtime="20230326 16:07:33.947"/>
</kw>
<kw name="closeTest" library="Resources" type="TEARDOWN">
<kw name="Close All Browsers" library="Selenium2Library">
<doc>Closes all open browsers and resets the browser cache.</doc>
<status status="PASS" starttime="20230326 16:07:33.948" endtime="20230326 16:07:34.022"/>
</kw>
<status status="PASS" starttime="20230326 16:07:33.947" endtime="20230326 16:07:34.022"/>
</kw>
<tag>Salary Hero QA Challenge</tag>
<status status="PASS" starttime="20230326 16:07:06.271" endtime="20230326 16:07:34.022"/>
</test>
<test id="s1-t3" name="Test Case 3: Search for Apple, verify that 2 Apple products show up and Banana product does not show up." line="44">
<kw name="startTest" library="Resources" type="SETUP">
<kw name="Open Browser" library="Selenium2Library">
<arg>${url}</arg>
<arg>${browser}</arg>
<doc>Opens a new browser instance to the optional ``url``.</doc>
<msg timestamp="20230326 16:07:34.023" level="INFO">Opening browser 'chrome' to base url 'https://salaryhero-qa-challenge.herokuapp.com/#/'.</msg>
<status status="PASS" starttime="20230326 16:07:34.023" endtime="20230326 16:07:42.305"/>
</kw>
<kw name="Maximize Browser Window" library="Selenium2Library">
<doc>Maximizes current browser window.</doc>
<status status="PASS" starttime="20230326 16:07:42.306" endtime="20230326 16:07:42.414"/>
</kw>
<kw name="Wait and Click" library="Resources">
<arg>${dismiss}</arg>
<kw name="Wait Until Page Contains Element" library="Selenium2Library">
<arg>${locator}</arg>
<doc>Waits until the element ``locator`` appears on the current page.</doc>
<status status="PASS" starttime="20230326 16:07:42.415" endtime="20230326 16:07:42.430"/>
</kw>
<kw name="Scroll Element Into View" library="Selenium2Library">
<arg>${locator}</arg>
<doc>Scrolls the element identified by ``locator`` into view.</doc>
<status status="PASS" starttime="20230326 16:07:42.430" endtime="20230326 16:07:47.715"/>
</kw>
<kw name="Click Element" library="Selenium2Library">
<arg>${locator}</arg>
<doc>Click the element identified by ``locator``.</doc>
<msg timestamp="20230326 16:07:47.717" level="INFO">Clicking element '//span[normalize-space()='Dismiss']'.</msg>
<status status="PASS" starttime="20230326 16:07:47.715" endtime="20230326 16:07:47.760"/>
</kw>
<status status="PASS" starttime="20230326 16:07:42.415" endtime="20230326 16:07:47.760"/>
</kw>
<kw name="Wait and Click" library="Resources">
<arg>${cookieDismiss}</arg>
<kw name="Wait Until Page Contains Element" library="Selenium2Library">
<arg>${locator}</arg>
<doc>Waits until the element ``locator`` appears on the current page.</doc>
<status status="PASS" starttime="20230326 16:07:47.760" endtime="20230326 16:07:47.767"/>
</kw>
<kw name="Scroll Element Into View" library="Selenium2Library">
<arg>${locator}</arg>
<doc>Scrolls the element identified by ``locator`` into view.</doc>
<status status="PASS" starttime="20230326 16:07:47.768" endtime="20230326 16:07:54.097"/>
</kw>
<kw name="Click Element" library="Selenium2Library">
<arg>${locator}</arg>
<doc>Click the element identified by ``locator``.</doc>
<msg timestamp="20230326 16:07:54.098" level="INFO">Clicking element '//a[@aria-label='dismiss cookie message']'.</msg>
<status status="PASS" starttime="20230326 16:07:54.097" endtime="20230326 16:07:54.134"/>
</kw>
<status status="PASS" starttime="20230326 16:07:47.760" endtime="20230326 16:07:54.134"/>
</kw>
<status status="PASS" starttime="20230326 16:07:34.023" endtime="20230326 16:07:54.134"/>
</kw>
<kw name="Search For" library="searchForApple">
<arg>Apple</arg>
<kw name="Wait and Click" library="Resources">
<arg>${searchButton}</arg>
<kw name="Wait Until Page Contains Element" library="Selenium2Library">
<arg>${locator}</arg>
<doc>Waits until the element ``locator`` appears on the current page.</doc>
<status status="PASS" starttime="20230326 16:07:54.134" endtime="20230326 16:07:54.143"/>
</kw>
<kw name="Scroll Element Into View" library="Selenium2Library">
<arg>${locator}</arg>
<doc>Scrolls the element identified by ``locator`` into view.</doc>
<status status="PASS" starttime="20230326 16:07:54.143" endtime="20230326 16:08:01.172"/>
</kw>
<kw name="Click Element" library="Selenium2Library">
<arg>${locator}</arg>
<doc>Click the element identified by ``locator``.</doc>
<msg timestamp="20230326 16:08:01.174" level="INFO">Clicking element '//mat-icon[normalize-space()='search']'.</msg>
<status status="PASS" starttime="20230326 16:08:01.173" endtime="20230326 16:08:01.213"/>
</kw>
<status status="PASS" starttime="20230326 16:07:54.134" endtime="20230326 16:08:01.213"/>
</kw>
<kw name="Press Keys" library="Selenium2Library">
<arg>${None}</arg>
<arg>${itemName}</arg>
<doc>Simulates the user pressing key(s) to an element or on the active browser.</doc>
<msg timestamp="20230326 16:08:01.214" level="INFO">Sending key(s) ('Apple',) to page.</msg>
<msg timestamp="20230326 16:08:01.214" level="INFO">Sending keys Apple</msg>
<status status="PASS" starttime="20230326 16:08:01.213" endtime="20230326 16:08:01.298"/>
</kw>
<kw name="Press Keys" library="Selenium2Library">
<arg>${None}</arg>
<arg>ENTER</arg>
<doc>Simulates the user pressing key(s) to an element or on the active browser.</doc>
<msg timestamp="20230326 16:08:01.298" level="INFO">Sending key(s) ('ENTER',) to page.</msg>
<msg timestamp="20230326 16:08:01.298" level="INFO">Pressing special key ENTER to browser.</msg>
<msg timestamp="20230326 16:08:01.298" level="INFO">Releasing special key ENTER.</msg>
<status status="PASS" starttime="20230326 16:08:01.298" endtime="20230326 16:08:01.313"/>
</kw>
<status status="PASS" starttime="20230326 16:07:54.134" endtime="20230326 16:08:01.313"/>
</kw>
<kw name="Verify Desired Item Is Present And Its Quanity" library="verifyAppleIsPresent">
<kw name="Wait Until Page Contains Element" library="Selenium2Library">
<arg>${searchItem}</arg>
<doc>Waits until the element ``locator`` appears on the current page.</doc>
<status status="PASS" starttime="20230326 16:08:01.313" endtime="20230326 16:08:01.750"/>
</kw>
<kw name="Get Text" library="Selenium2Library">
<var>${textofSearchedItem}</var>
<arg>${searchItem}</arg>
<doc>Returns the text value of the element identified by ``locator``.</doc>
<msg timestamp="20230326 16:08:01.771" level="INFO">${textofSearchedItem} = Apple</msg>
<status status="PASS" starttime="20230326 16:08:01.750" endtime="20230326 16:08:01.771"/>
</kw>
<kw name="Wait Until Page Contains Element" library="Selenium2Library">
<arg>${itemname}</arg>
<arg>${None}</arg>
<doc>Waits until the element ``locator`` appears on the current page.</doc>
<status status="PASS" starttime="20230326 16:08:01.771" endtime="20230326 16:08:01.780"/>
</kw>
<kw name="Get Element Count" library="Selenium2Library">
<var>${count}</var>
<arg>${itemname}</arg>
<doc>Returns the number of elements matching ``locator``.</doc>
<msg timestamp="20230326 16:08:01.785" level="INFO">${count} = 2</msg>
<status status="PASS" starttime="20230326 16:08:01.780" endtime="20230326 16:08:01.785"/>
</kw>
<kw name="Log To Console And Capture Screenshot" library="Resources">
<arg>There are ${count} ${textofSearchedItem} products in this page.</arg>
<kw name="Log To Console" library="BuiltIn">
<arg>${textToAssert}</arg>
<doc>Logs the given message to the console.</doc>
<status status="PASS" starttime="20230326 16:08:01.785" endtime="20230326 16:08:01.785"/>
</kw>
<kw name="Get Time" library="BuiltIn">
<var>${time}</var>
<arg>format=%H:%M:%S:%MS</arg>
<doc>Returns the given time in the requested format.</doc>
<msg timestamp="20230326 16:08:01.785" level="INFO">${time} = 2023-03-26 16:08:01</msg>
<status status="PASS" starttime="20230326 16:08:01.785" endtime="20230326 16:08:01.785"/>
</kw>
<kw name="Capture Page Screenshot" library="Selenium2Library">
<arg>Screenshot_${time}.png</arg>
<doc>Takes a screenshot of the current page and embeds it into a log file.</doc>
<msg timestamp="20230326 16:08:02.391" level="INFO" html="true">&lt;/td&gt;&lt;/tr&gt;&lt;tr&gt;&lt;td colspan="3"&gt;&lt;a href="Screenshot_2023-03-26%2016%3A08%3A01.png"&gt;&lt;img src="Screenshot_2023-03-26%2016%3A08%3A01.png" width="800px"&gt;&lt;/a&gt;</msg>
<status status="PASS" starttime="20230326 16:08:01.785" endtime="20230326 16:08:02.391"/>
</kw>
<status status="PASS" starttime="20230326 16:08:01.785" endtime="20230326 16:08:02.391"/>
</kw>
<kw name="Element Should Contain" library="Selenium2Library">
<arg>${itemname}</arg>
<arg>${textofSearchedItem}</arg>
<doc>Verifies that element ``locator`` contains text ``expected``.</doc>
<msg timestamp="20230326 16:08:02.404" level="INFO">Element '//div[@class='item-name']' contains text 'Apple'.</msg>
<status status="PASS" starttime="20230326 16:08:02.391" endtime="20230326 16:08:02.404"/>
</kw>
<kw name="Log To Console And Capture Screenshot" library="Resources">
<arg>Only $${textofSearchedItem} Products are available.</arg>
<kw name="Log To Console" library="BuiltIn">
<arg>${textToAssert}</arg>
<doc>Logs the given message to the console.</doc>
<status status="PASS" starttime="20230326 16:08:02.404" endtime="20230326 16:08:02.405"/>
</kw>
<kw name="Get Time" library="BuiltIn">
<var>${time}</var>
<arg>format=%H:%M:%S:%MS</arg>
<doc>Returns the given time in the requested format.</doc>
<msg timestamp="20230326 16:08:02.405" level="INFO">${time} = 2023-03-26 16:08:02</msg>
<status status="PASS" starttime="20230326 16:08:02.405" endtime="20230326 16:08:02.405"/>
</kw>
<kw name="Capture Page Screenshot" library="Selenium2Library">
<arg>Screenshot_${time}.png</arg>
<doc>Takes a screenshot of the current page and embeds it into a log file.</doc>
<msg timestamp="20230326 16:08:02.680" level="INFO" html="true">&lt;/td&gt;&lt;/tr&gt;&lt;tr&gt;&lt;td colspan="3"&gt;&lt;a href="Screenshot_2023-03-26%2016%3A08%3A02.png"&gt;&lt;img src="Screenshot_2023-03-26%2016%3A08%3A02.png" width="800px"&gt;&lt;/a&gt;</msg>
<status status="PASS" starttime="20230326 16:08:02.405" endtime="20230326 16:08:02.680"/>
</kw>
<status status="PASS" starttime="20230326 16:08:02.404" endtime="20230326 16:08:02.680"/>
</kw>
<status status="PASS" starttime="20230326 16:08:01.313" endtime="20230326 16:08:02.680"/>
</kw>
<kw name="Verify Undesired Product Is Not Present" library="verifyAppleIsPresent">
<arg>Banana</arg>
<kw name="Element Should Not Contain" library="Selenium2Library">
<arg>${itemname}</arg>
<arg>${undesiredItem}</arg>
<doc>Verifies that element ``locator`` does not contain text ``expected``.</doc>
<msg timestamp="20230326 16:08:02.689" level="INFO">Element '//div[@class='item-name']' does not contain text 'Banana'.</msg>
<status status="PASS" starttime="20230326 16:08:02.681" endtime="20230326 16:08:02.689"/>
</kw>
<kw name="Log To Console And Capture Screenshot" library="Resources">
<arg>"No ${undesiredItem} Products Found".</arg>
<kw name="Log To Console" library="BuiltIn">
<arg>${textToAssert}</arg>
<doc>Logs the given message to the console.</doc>
<status status="PASS" starttime="20230326 16:08:02.690" endtime="20230326 16:08:02.690"/>
</kw>
<kw name="Get Time" library="BuiltIn">
<var>${time}</var>
<arg>format=%H:%M:%S:%MS</arg>
<doc>Returns the given time in the requested format.</doc>
<msg timestamp="20230326 16:08:02.690" level="INFO">${time} = 2023-03-26 16:08:02</msg>
<status status="PASS" starttime="20230326 16:08:02.690" endtime="20230326 16:08:02.690"/>
</kw>
<kw name="Capture Page Screenshot" library="Selenium2Library">
<arg>Screenshot_${time}.png</arg>
<doc>Takes a screenshot of the current page and embeds it into a log file.</doc>
<msg timestamp="20230326 16:08:02.946" level="INFO" html="true">&lt;/td&gt;&lt;/tr&gt;&lt;tr&gt;&lt;td colspan="3"&gt;&lt;a href="Screenshot_2023-03-26%2016%3A08%3A02.png"&gt;&lt;img src="Screenshot_2023-03-26%2016%3A08%3A02.png" width="800px"&gt;&lt;/a&gt;</msg>
<status status="PASS" starttime="20230326 16:08:02.690" endtime="20230326 16:08:02.946"/>
</kw>
<status status="PASS" starttime="20230326 16:08:02.690" endtime="20230326 16:08:02.946"/>
</kw>
<status status="PASS" starttime="20230326 16:08:02.680" endtime="20230326 16:08:02.947"/>
</kw>
<kw name="closeTest" library="Resources" type="TEARDOWN">
<kw name="Close All Browsers" library="Selenium2Library">
<doc>Closes all open browsers and resets the browser cache.</doc>
<status status="PASS" starttime="20230326 16:08:02.947" endtime="20230326 16:08:03.016"/>
</kw>
<status status="PASS" starttime="20230326 16:08:02.947" endtime="20230326 16:08:03.016"/>
</kw>
<tag>Salary Hero QA Challenge</tag>
<status status="PASS" starttime="20230326 16:07:34.022" endtime="20230326 16:08:03.016"/>
</test>
<status status="PASS" starttime="20230326 16:06:38.315" endtime="20230326 16:08:03.017"/>
</suite>
<statistics>
<total>
<stat pass="3" fail="0" skip="0">All Tests</stat>
</total>
<tag>
<stat pass="3" fail="0" skip="0">Salary Hero QA Challenge</stat>
</tag>
<suite>
<stat pass="3" fail="0" skip="0" id="s1" name="TestCases">TestCases</stat>
</suite>
</statistics>
<errors>
</errors>
</robot>
